2022-08-05 01:26:43 [INFO ] main StartupInfoLogger.java:61 com.atguigu.srb.core.ServiceCoreApplication Started ServiceCoreApplication in 4.367 seconds (JVM running for 4.878)
2022-08-05 01:27:11 [INFO ] main SpringApplication.java:655 com.atguigu.srb.core.ServiceCoreApplication The following profiles are active: dev
2022-08-05 01:27:18 [INFO ] main StartupInfoLogger.java:61 com.atguigu.srb.core.ServiceCoreApplication Started ServiceCoreApplication in 7.575 seconds (JVM running for 8.119)
2022-08-05 01:27:27 [INFO ] main SpringApplication.java:655 com.atguigu.srb.core.ServiceCoreApplication The following profiles are active: dev
2022-08-05 01:27:34 [INFO ] main StartupInfoLogger.java:61 com.atguigu.srb.core.ServiceCoreApplication Started ServiceCoreApplication in 7.798 seconds (JVM running for 8.432)
2022-08-05 01:28:47 [INFO ] main SpringApplication.java:655 com.atguigu.srb.core.ConcurrencyTests The following profiles are active: dev
2022-08-05 01:28:53 [INFO ] main StartupInfoLogger.java:61 com.atguigu.srb.core.ConcurrencyTests Started ConcurrencyTests in 7.363 seconds (JVM running for 8.303)
2022-08-05 01:33:11 [INFO ] main SpringApplication.java:655 com.atguigu.srb.core.ConcurrencyTests The following profiles are active: dev
2022-08-05 01:38:24 [ERROR] http-nio-8210-exec-1 UnifiedExceptionhandler.java:43 com.atguigu.common.exception.UnifiedExceptionhandler 未登录
com.atguigu.common.exception.BusinessException: 未登录
	at com.atguigu.srb.base.util.JwtUtils.getClaims(JwtUtils.java:80)
	at com.atguigu.srb.base.util.JwtUtils.getUserId(JwtUtils.java:58)
	at com.atguigu.srb.core.controller.api.UserInfoController.getIndexUserInfo(UserInfoController.java:96)
	at sun.reflect.NativeMethodAccessorImpl.invoke0(Native Method)
	at sun.reflect.NativeMethodAccessorImpl.invoke(NativeMethodAccessorImpl.java:62)
	at sun.reflect.DelegatingMethodAccessorImpl.invoke(DelegatingMethodAccessorImpl.java:43)
	at java.lang.reflect.Method.invoke(Method.java:498)
	at org.springframework.web.method.support.InvocableHandlerMethod.doInvoke(InvocableHandlerMethod.java:190)
	at org.springframework.web.method.support.InvocableHandlerMethod.invokeForRequest(InvocableHandlerMethod.java:138)
	at org.springframework.web.servlet.mvc.method.annotation.ServletInvocableHandlerMethod.invokeAndHandle(ServletInvocableHandlerMethod.java:105)
	at org.springframework.web.servlet.mvc.method.annotation.RequestMappingHandlerAdapter.invokeHandlerMethod(RequestMappingHandlerAdapter.java:878)
	at org.springframework.web.servlet.mvc.method.annotation.RequestMappingHandlerAdapter.handleInternal(RequestMappingHandlerAdapter.java:792)
	at org.springframework.web.servlet.mvc.method.AbstractHandlerMethodAdapter.handle(AbstractHandlerMethodAdapter.java:87)
	at org.springframework.web.servlet.DispatcherServlet.doDispatch(DispatcherServlet.java:1040)
	at org.springframework.web.servlet.DispatcherServlet.doService(DispatcherServlet.java:943)
	at org.springframework.web.servlet.FrameworkServlet.processRequest(FrameworkServlet.java:1006)
	at org.springframework.web.servlet.FrameworkServlet.doGet(FrameworkServlet.java:898)
	at javax.servlet.http.HttpServlet.service(HttpServlet.java:626)
	at org.springframework.web.servlet.FrameworkServlet.service(FrameworkServlet.java:883)
	at javax.servlet.http.HttpServlet.service(HttpServlet.java:733)
	at org.apache.catalina.core.ApplicationFilterChain.internalDoFilter(ApplicationFilterChain.java:231)
	at org.apache.catalina.core.ApplicationFilterChain.doFilter(ApplicationFilterChain.java:166)
	at org.apache.tomcat.websocket.server.WsFilter.doFilter(WsFilter.java:53)
	at org.apache.catalina.core.ApplicationFilterChain.internalDoFilter(ApplicationFilterChain.java:193)
	at org.apache.catalina.core.ApplicationFilterChain.doFilter(ApplicationFilterChain.java:166)
	at org.springframework.web.filter.RequestContextFilter.doFilterInternal(RequestContextFilter.java:100)
	at org.springframework.web.filter.OncePerRequestFilter.doFilter(OncePerRequestFilter.java:119)
	at org.apache.catalina.core.ApplicationFilterChain.internalDoFilter(ApplicationFilterChain.java:193)
	at org.apache.catalina.core.ApplicationFilterChain.doFilter(ApplicationFilterChain.java:166)
	at org.springframework.web.filter.FormContentFilter.doFilterInternal(FormContentFilter.java:93)
	at org.springframework.web.filter.OncePerRequestFilter.doFilter(OncePerRequestFilter.java:119)
	at org.apache.catalina.core.ApplicationFilterChain.internalDoFilter(ApplicationFilterChain.java:193)
	at org.apache.catalina.core.ApplicationFilterChain.doFilter(ApplicationFilterChain.java:166)
	at org.springframework.web.filter.CharacterEncodingFilter.doFilterInternal(CharacterEncodingFilter.java:201)
	at org.springframework.web.filter.OncePerRequestFilter.doFilter(OncePerRequestFilter.java:119)
	at org.apache.catalina.core.ApplicationFilterChain.internalDoFilter(ApplicationFilterChain.java:193)
	at org.apache.catalina.core.ApplicationFilterChain.doFilter(ApplicationFilterChain.java:166)
	at org.apache.catalina.core.StandardWrapperValve.invoke(StandardWrapperValve.java:202)
	at org.apache.catalina.core.StandardContextValve.invoke(StandardContextValve.java:97)
	at org.apache.catalina.authenticator.AuthenticatorBase.invoke(AuthenticatorBase.java:541)
	at org.apache.catalina.core.StandardHostValve.invoke(StandardHostValve.java:143)
	at org.apache.catalina.valves.ErrorReportValve.invoke(ErrorReportValve.java:92)
	at org.apache.catalina.core.StandardEngineValve.invoke(StandardEngineValve.java:78)
	at org.apache.catalina.connector.CoyoteAdapter.service(CoyoteAdapter.java:343)
	at org.apache.coyote.http11.Http11Processor.service(Http11Processor.java:374)
	at org.apache.coyote.AbstractProcessorLight.process(AbstractProcessorLight.java:65)
	at org.apache.coyote.AbstractProtocol$ConnectionHandler.process(AbstractProtocol.java:868)
	at org.apache.tomcat.util.net.NioEndpoint$SocketProcessor.doRun(NioEndpoint.java:1590)
	at org.apache.tomcat.util.net.SocketProcessorBase.run(SocketProcessorBase.java:49)
	at java.util.concurrent.ThreadPoolExecutor.runWorker(ThreadPoolExecutor.java:1149)
	at java.util.concurrent.ThreadPoolExecutor$Worker.run(ThreadPoolExecutor.java:624)
	at org.apache.tomcat.util.threads.TaskThread$WrappingRunnable.run(TaskThread.java:61)
	at java.lang.Thread.run(Thread.java:748)
2022-08-05 01:38:28 [ERROR] http-nio-8110-exec-3 UnifiedExceptionhandler.java:43 com.atguigu.common.exception.UnifiedExceptionhandler 未登录
com.atguigu.common.exception.BusinessException: 未登录
	at com.atguigu.srb.base.util.JwtUtils.getClaims(JwtUtils.java:80)
	at com.atguigu.srb.base.util.JwtUtils.getUserId(JwtUtils.java:58)
	at com.atguigu.srb.core.controller.api.UserInfoController.getIndexUserInfo(UserInfoController.java:96)
	at sun.reflect.NativeMethodAccessorImpl.invoke0(Native Method)
	at sun.reflect.NativeMethodAccessorImpl.invoke(NativeMethodAccessorImpl.java:62)
	at sun.reflect.DelegatingMethodAccessorImpl.invoke(DelegatingMethodAccessorImpl.java:43)
	at java.lang.reflect.Method.invoke(Method.java:498)
	at org.springframework.web.method.support.InvocableHandlerMethod.doInvoke(InvocableHandlerMethod.java:190)
	at org.springframework.web.method.support.InvocableHandlerMethod.invokeForRequest(InvocableHandlerMethod.java:138)
	at org.springframework.web.servlet.mvc.method.annotation.ServletInvocableHandlerMethod.invokeAndHandle(ServletInvocableHandlerMethod.java:105)
	at org.springframework.web.servlet.mvc.method.annotation.RequestMappingHandlerAdapter.invokeHandlerMethod(RequestMappingHandlerAdapter.java:878)
	at org.springframework.web.servlet.mvc.method.annotation.RequestMappingHandlerAdapter.handleInternal(RequestMappingHandlerAdapter.java:792)
	at org.springframework.web.servlet.mvc.method.AbstractHandlerMethodAdapter.handle(AbstractHandlerMethodAdapter.java:87)
	at org.springframework.web.servlet.DispatcherServlet.doDispatch(DispatcherServlet.java:1040)
	at org.springframework.web.servlet.DispatcherServlet.doService(DispatcherServlet.java:943)
	at org.springframework.web.servlet.FrameworkServlet.processRequest(FrameworkServlet.java:1006)
	at org.springframework.web.servlet.FrameworkServlet.doGet(FrameworkServlet.java:898)
	at javax.servlet.http.HttpServlet.service(HttpServlet.java:626)
	at org.springframework.web.servlet.FrameworkServlet.service(FrameworkServlet.java:883)
	at javax.servlet.http.HttpServlet.service(HttpServlet.java:733)
	at org.apache.catalina.core.ApplicationFilterChain.internalDoFilter(ApplicationFilterChain.java:231)
	at org.apache.catalina.core.ApplicationFilterChain.doFilter(ApplicationFilterChain.java:166)
	at org.apache.tomcat.websocket.server.WsFilter.doFilter(WsFilter.java:53)
	at org.apache.catalina.core.ApplicationFilterChain.internalDoFilter(ApplicationFilterChain.java:193)
	at org.apache.catalina.core.ApplicationFilterChain.doFilter(ApplicationFilterChain.java:166)
	at org.springframework.web.filter.RequestContextFilter.doFilterInternal(RequestContextFilter.java:100)
	at org.springframework.web.filter.OncePerRequestFilter.doFilter(OncePerRequestFilter.java:119)
	at org.apache.catalina.core.ApplicationFilterChain.internalDoFilter(ApplicationFilterChain.java:193)
	at org.apache.catalina.core.ApplicationFilterChain.doFilter(ApplicationFilterChain.java:166)
	at org.springframework.web.filter.FormContentFilter.doFilterInternal(FormContentFilter.java:93)
	at org.springframework.web.filter.OncePerRequestFilter.doFilter(OncePerRequestFilter.java:119)
	at org.apache.catalina.core.ApplicationFilterChain.internalDoFilter(ApplicationFilterChain.java:193)
	at org.apache.catalina.core.ApplicationFilterChain.doFilter(ApplicationFilterChain.java:166)
	at org.springframework.web.filter.CharacterEncodingFilter.doFilterInternal(CharacterEncodingFilter.java:201)
	at org.springframework.web.filter.OncePerRequestFilter.doFilter(OncePerRequestFilter.java:119)
	at org.apache.catalina.core.ApplicationFilterChain.internalDoFilter(ApplicationFilterChain.java:193)
	at org.apache.catalina.core.ApplicationFilterChain.doFilter(ApplicationFilterChain.java:166)
	at org.apache.catalina.core.StandardWrapperValve.invoke(StandardWrapperValve.java:202)
	at org.apache.catalina.core.StandardContextValve.invoke(StandardContextValve.java:97)
	at org.apache.catalina.authenticator.AuthenticatorBase.invoke(AuthenticatorBase.java:541)
	at org.apache.catalina.core.StandardHostValve.invoke(StandardHostValve.java:143)
	at org.apache.catalina.valves.ErrorReportValve.invoke(ErrorReportValve.java:92)
	at org.apache.catalina.core.StandardEngineValve.invoke(StandardEngineValve.java:78)
	at org.apache.catalina.connector.CoyoteAdapter.service(CoyoteAdapter.java:343)
	at org.apache.coyote.http11.Http11Processor.service(Http11Processor.java:374)
	at org.apache.coyote.AbstractProcessorLight.process(AbstractProcessorLight.java:65)
	at org.apache.coyote.AbstractProtocol$ConnectionHandler.process(AbstractProtocol.java:868)
	at org.apache.tomcat.util.net.NioEndpoint$SocketProcessor.doRun(NioEndpoint.java:1590)
	at org.apache.tomcat.util.net.SocketProcessorBase.run(SocketProcessorBase.java:49)
	at java.util.concurrent.ThreadPoolExecutor.runWorker(ThreadPoolExecutor.java:1149)
	at java.util.concurrent.ThreadPoolExecutor$Worker.run(ThreadPoolExecutor.java:624)
	at org.apache.tomcat.util.threads.TaskThread$WrappingRunnable.run(TaskThread.java:61)
	at java.lang.Thread.run(Thread.java:748)
2022-08-05 01:39:53 [INFO ] http-nio-8210-exec-6 LendItemServiceImpl.java:75 com.atguigu.srb.core.service.impl.LendItemServiceImpl 生成投资单号:INVEST20220805013953424
2022-08-05 01:39:54 [INFO ] http-nio-8210-exec-6 LendItemServiceImpl.java:124 com.atguigu.srb.core.service.impl.LendItemServiceImpl Before:redis中已投资金额增加
2022-08-05 01:39:54 [INFO ] http-nio-8210-exec-6 RedisUtils.java:95 com.atguigu.srb.core.util.RedisUtils 将srb:core:lendInvest:LEND20220804205749908从3020.00修改至3030.00
2022-08-05 01:39:54 [INFO ] http-nio-8210-exec-6 LendItemServiceImpl.java:131 com.atguigu.srb.core.service.impl.LendItemServiceImpl After:redis中已投资金额增加
2022-08-05 01:50:21 [INFO ] http-nio-8110-exec-6 LendItemServiceImpl.java:75 com.atguigu.srb.core.service.impl.LendItemServiceImpl 生成投资单号:INVEST20220805015021024
2022-08-05 01:50:22 [INFO ] http-nio-8110-exec-6 LendItemServiceImpl.java:124 com.atguigu.srb.core.service.impl.LendItemServiceImpl Before:redis中已投资金额增加
2022-08-05 01:50:22 [INFO ] http-nio-8110-exec-6 RedisUtils.java:95 com.atguigu.srb.core.util.RedisUtils 将srb:core:lendInvest:LEND20220804205749908从3030.00修改至3040.00
2022-08-05 01:50:22 [INFO ] http-nio-8110-exec-6 LendItemServiceImpl.java:131 com.atguigu.srb.core.service.impl.LendItemServiceImpl After:redis中已投资金额增加
2022-08-05 01:50:22 [INFO ] http-nio-8210-exec-8 LendItemServiceImpl.java:75 com.atguigu.srb.core.service.impl.LendItemServiceImpl 生成投资单号:INVEST20220805015022806
2022-08-05 01:50:22 [INFO ] http-nio-8210-exec-8 LendItemServiceImpl.java:124 com.atguigu.srb.core.service.impl.LendItemServiceImpl Before:redis中已投资金额增加
2022-08-05 01:50:22 [INFO ] http-nio-8210-exec-8 RedisUtils.java:95 com.atguigu.srb.core.util.RedisUtils 将srb:core:lendInvest:LEND20220804205749908从3040.00修改至3050.00
2022-08-05 01:50:22 [INFO ] http-nio-8210-exec-8 LendItemServiceImpl.java:131 com.atguigu.srb.core.service.impl.LendItemServiceImpl After:redis中已投资金额增加
2022-08-05 01:50:22 [INFO ] http-nio-8110-exec-7 LendItemServiceImpl.java:75 com.atguigu.srb.core.service.impl.LendItemServiceImpl 生成投资单号:INVEST20220805015022958
2022-08-05 01:50:22 [INFO ] http-nio-8110-exec-7 LendItemServiceImpl.java:124 com.atguigu.srb.core.service.impl.LendItemServiceImpl Before:redis中已投资金额增加
2022-08-05 01:50:22 [INFO ] http-nio-8110-exec-7 RedisUtils.java:95 com.atguigu.srb.core.util.RedisUtils 将srb:core:lendInvest:LEND20220804205749908从3050.00修改至3060.00
2022-08-05 01:50:22 [INFO ] http-nio-8110-exec-7 LendItemServiceImpl.java:131 com.atguigu.srb.core.service.impl.LendItemServiceImpl After:redis中已投资金额增加
2022-08-05 01:50:22 [INFO ] http-nio-8210-exec-9 LendItemServiceImpl.java:75 com.atguigu.srb.core.service.impl.LendItemServiceImpl 生成投资单号:INVEST20220805015022114
2022-08-05 01:50:22 [INFO ] http-nio-8210-exec-9 LendItemServiceImpl.java:124 com.atguigu.srb.core.service.impl.LendItemServiceImpl Before:redis中已投资金额增加
2022-08-05 01:50:22 [INFO ] http-nio-8210-exec-9 RedisUtils.java:95 com.atguigu.srb.core.util.RedisUtils 将srb:core:lendInvest:LEND20220804205749908从3060.00修改至3070.00
2022-08-05 01:50:22 [INFO ] http-nio-8210-exec-9 LendItemServiceImpl.java:131 com.atguigu.srb.core.service.impl.LendItemServiceImpl After:redis中已投资金额增加
2022-08-05 01:50:23 [INFO ] http-nio-8110-exec-8 LendItemServiceImpl.java:75 com.atguigu.srb.core.service.impl.LendItemServiceImpl 生成投资单号:INVEST20220805015023439
2022-08-05 01:50:23 [INFO ] http-nio-8110-exec-8 LendItemServiceImpl.java:124 com.atguigu.srb.core.service.impl.LendItemServiceImpl Before:redis中已投资金额增加
2022-08-05 01:50:23 [INFO ] http-nio-8110-exec-8 RedisUtils.java:95 com.atguigu.srb.core.util.RedisUtils 将srb:core:lendInvest:LEND20220804205749908从3070.00修改至3080.00
2022-08-05 01:50:23 [INFO ] http-nio-8110-exec-8 LendItemServiceImpl.java:131 com.atguigu.srb.core.service.impl.LendItemServiceImpl After:redis中已投资金额增加
2022-08-05 01:50:23 [INFO ] http-nio-8210-exec-10 LendItemServiceImpl.java:75 com.atguigu.srb.core.service.impl.LendItemServiceImpl 生成投资单号:INVEST20220805015023749
2022-08-05 01:50:23 [INFO ] http-nio-8210-exec-10 LendItemServiceImpl.java:124 com.atguigu.srb.core.service.impl.LendItemServiceImpl Before:redis中已投资金额增加
2022-08-05 01:50:23 [INFO ] http-nio-8210-exec-10 RedisUtils.java:95 com.atguigu.srb.core.util.RedisUtils 将srb:core:lendInvest:LEND20220804205749908从3080.00修改至3090.00
2022-08-05 01:50:23 [INFO ] http-nio-8210-exec-10 LendItemServiceImpl.java:131 com.atguigu.srb.core.service.impl.LendItemServiceImpl After:redis中已投资金额增加
2022-08-05 01:50:23 [INFO ] http-nio-8110-exec-9 LendItemServiceImpl.java:75 com.atguigu.srb.core.service.impl.LendItemServiceImpl 生成投资单号:INVEST20220805015023786
2022-08-05 01:50:23 [INFO ] http-nio-8110-exec-9 LendItemServiceImpl.java:124 com.atguigu.srb.core.service.impl.LendItemServiceImpl Before:redis中已投资金额增加
2022-08-05 01:50:23 [INFO ] http-nio-8110-exec-9 RedisUtils.java:95 com.atguigu.srb.core.util.RedisUtils 将srb:core:lendInvest:LEND20220804205749908从3090.00修改至3100.00
2022-08-05 01:50:23 [INFO ] http-nio-8110-exec-9 LendItemServiceImpl.java:131 com.atguigu.srb.core.service.impl.LendItemServiceImpl After:redis中已投资金额增加
2022-08-05 01:50:23 [INFO ] http-nio-8210-exec-1 LendItemServiceImpl.java:75 com.atguigu.srb.core.service.impl.LendItemServiceImpl 生成投资单号:INVEST20220805015023982
2022-08-05 01:50:23 [INFO ] http-nio-8210-exec-1 LendItemServiceImpl.java:124 com.atguigu.srb.core.service.impl.LendItemServiceImpl Before:redis中已投资金额增加
2022-08-05 01:50:23 [INFO ] http-nio-8210-exec-1 RedisUtils.java:95 com.atguigu.srb.core.util.RedisUtils 将srb:core:lendInvest:LEND20220804205749908从3100.00修改至3110.00
2022-08-05 01:50:23 [INFO ] http-nio-8210-exec-1 LendItemServiceImpl.java:131 com.atguigu.srb.core.service.impl.LendItemServiceImpl After:redis中已投资金额增加
2022-08-05 01:50:23 [INFO ] http-nio-8110-exec-10 LendItemServiceImpl.java:75 com.atguigu.srb.core.service.impl.LendItemServiceImpl 生成投资单号:INVEST20220805015023061
2022-08-05 01:50:23 [INFO ] http-nio-8110-exec-10 LendItemServiceImpl.java:124 com.atguigu.srb.core.service.impl.LendItemServiceImpl Before:redis中已投资金额增加
2022-08-05 01:50:23 [INFO ] http-nio-8110-exec-10 RedisUtils.java:95 com.atguigu.srb.core.util.RedisUtils 将srb:core:lendInvest:LEND20220804205749908从3110.00修改至3120.00
2022-08-05 01:50:23 [INFO ] http-nio-8110-exec-10 LendItemServiceImpl.java:131 com.atguigu.srb.core.service.impl.LendItemServiceImpl After:redis中已投资金额增加
2022-08-05 01:50:23 [INFO ] http-nio-8210-exec-2 LendItemServiceImpl.java:75 com.atguigu.srb.core.service.impl.LendItemServiceImpl 生成投资单号:INVEST20220805015023015
2022-08-05 01:50:23 [INFO ] http-nio-8210-exec-2 LendItemServiceImpl.java:124 com.atguigu.srb.core.service.impl.LendItemServiceImpl Before:redis中已投资金额增加
2022-08-05 01:50:23 [INFO ] http-nio-8210-exec-2 RedisUtils.java:95 com.atguigu.srb.core.util.RedisUtils 将srb:core:lendInvest:LEND20220804205749908从3120.00修改至3130.00
2022-08-05 01:50:23 [INFO ] http-nio-8210-exec-2 LendItemServiceImpl.java:131 com.atguigu.srb.core.service.impl.LendItemServiceImpl After:redis中已投资金额增加
2022-08-05 01:52:28 [INFO ] http-nio-8110-exec-2 LendItemServiceImpl.java:75 com.atguigu.srb.core.service.impl.LendItemServiceImpl 生成投资单号:INVEST20220805015228788
2022-08-05 01:52:28 [INFO ] http-nio-8110-exec-2 LendItemServiceImpl.java:124 com.atguigu.srb.core.service.impl.LendItemServiceImpl Before:redis中已投资金额增加
2022-08-05 01:52:28 [INFO ] http-nio-8110-exec-2 RedisUtils.java:95 com.atguigu.srb.core.util.RedisUtils 将srb:core:lendInvest:LEND20220804205749908从3130.00修改至3140.00
2022-08-05 01:52:28 [INFO ] http-nio-8110-exec-2 LendItemServiceImpl.java:131 com.atguigu.srb.core.service.impl.LendItemServiceImpl After:redis中已投资金额增加
2022-08-05 01:52:28 [INFO ] http-nio-8210-exec-4 LendItemServiceImpl.java:75 com.atguigu.srb.core.service.impl.LendItemServiceImpl 生成投资单号:INVEST20220805015228318
2022-08-05 01:52:28 [INFO ] http-nio-8210-exec-4 LendItemServiceImpl.java:124 com.atguigu.srb.core.service.impl.LendItemServiceImpl Before:redis中已投资金额增加
2022-08-05 01:52:28 [INFO ] http-nio-8210-exec-4 RedisUtils.java:95 com.atguigu.srb.core.util.RedisUtils 将srb:core:lendInvest:LEND20220804205749908从3140.00修改至3150.00
2022-08-05 01:52:28 [INFO ] http-nio-8210-exec-4 LendItemServiceImpl.java:131 com.atguigu.srb.core.service.impl.LendItemServiceImpl After:redis中已投资金额增加
2022-08-05 01:52:28 [INFO ] http-nio-8110-exec-3 LendItemServiceImpl.java:75 com.atguigu.srb.core.service.impl.LendItemServiceImpl 生成投资单号:INVEST20220805015228156
2022-08-05 01:52:29 [INFO ] http-nio-8110-exec-3 LendItemServiceImpl.java:124 com.atguigu.srb.core.service.impl.LendItemServiceImpl Before:redis中已投资金额增加
2022-08-05 01:52:29 [INFO ] http-nio-8110-exec-3 RedisUtils.java:95 com.atguigu.srb.core.util.RedisUtils 将srb:core:lendInvest:LEND20220804205749908从3150.00修改至3160.00
2022-08-05 01:52:29 [INFO ] http-nio-8110-exec-3 LendItemServiceImpl.java:131 com.atguigu.srb.core.service.impl.LendItemServiceImpl After:redis中已投资金额增加
2022-08-05 01:52:29 [INFO ] http-nio-8210-exec-5 LendItemServiceImpl.java:75 com.atguigu.srb.core.service.impl.LendItemServiceImpl 生成投资单号:INVEST20220805015229091
2022-08-05 01:52:29 [INFO ] http-nio-8210-exec-5 LendItemServiceImpl.java:124 com.atguigu.srb.core.service.impl.LendItemServiceImpl Before:redis中已投资金额增加
2022-08-05 01:52:29 [INFO ] http-nio-8210-exec-5 RedisUtils.java:95 com.atguigu.srb.core.util.RedisUtils 将srb:core:lendInvest:LEND20220804205749908从3160.00修改至3170.00
2022-08-05 01:52:29 [INFO ] http-nio-8210-exec-5 LendItemServiceImpl.java:131 com.atguigu.srb.core.service.impl.LendItemServiceImpl After:redis中已投资金额增加
2022-08-05 01:52:29 [INFO ] http-nio-8110-exec-4 LendItemServiceImpl.java:75 com.atguigu.srb.core.service.impl.LendItemServiceImpl 生成投资单号:INVEST20220805015229331
2022-08-05 01:52:29 [INFO ] http-nio-8110-exec-4 LendItemServiceImpl.java:124 com.atguigu.srb.core.service.impl.LendItemServiceImpl Before:redis中已投资金额增加
2022-08-05 01:52:29 [INFO ] http-nio-8110-exec-4 RedisUtils.java:95 com.atguigu.srb.core.util.RedisUtils 将srb:core:lendInvest:LEND20220804205749908从3170.00修改至3180.00
2022-08-05 01:52:29 [INFO ] http-nio-8110-exec-4 LendItemServiceImpl.java:131 com.atguigu.srb.core.service.impl.LendItemServiceImpl After:redis中已投资金额增加
2022-08-05 01:52:29 [INFO ] http-nio-8210-exec-6 LendItemServiceImpl.java:75 com.atguigu.srb.core.service.impl.LendItemServiceImpl 生成投资单号:INVEST20220805015229049
2022-08-05 01:52:29 [INFO ] http-nio-8210-exec-6 LendItemServiceImpl.java:124 com.atguigu.srb.core.service.impl.LendItemServiceImpl Before:redis中已投资金额增加
2022-08-05 01:52:29 [INFO ] http-nio-8210-exec-6 RedisUtils.java:95 com.atguigu.srb.core.util.RedisUtils 将srb:core:lendInvest:LEND20220804205749908从3180.00修改至3190.00
2022-08-05 01:52:29 [INFO ] http-nio-8210-exec-6 LendItemServiceImpl.java:131 com.atguigu.srb.core.service.impl.LendItemServiceImpl After:redis中已投资金额增加
2022-08-05 01:52:29 [INFO ] http-nio-8110-exec-5 LendItemServiceImpl.java:75 com.atguigu.srb.core.service.impl.LendItemServiceImpl 生成投资单号:INVEST20220805015229010
2022-08-05 01:52:29 [INFO ] http-nio-8110-exec-5 LendItemServiceImpl.java:124 com.atguigu.srb.core.service.impl.LendItemServiceImpl Before:redis中已投资金额增加
2022-08-05 01:52:29 [INFO ] http-nio-8110-exec-5 RedisUtils.java:95 com.atguigu.srb.core.util.RedisUtils 将srb:core:lendInvest:LEND20220804205749908从3190.00修改至3200.00
2022-08-05 01:52:29 [INFO ] http-nio-8110-exec-5 LendItemServiceImpl.java:131 com.atguigu.srb.core.service.impl.LendItemServiceImpl After:redis中已投资金额增加
2022-08-05 01:52:29 [INFO ] http-nio-8210-exec-7 LendItemServiceImpl.java:75 com.atguigu.srb.core.service.impl.LendItemServiceImpl 生成投资单号:INVEST20220805015229553
2022-08-05 01:52:29 [INFO ] http-nio-8210-exec-7 LendItemServiceImpl.java:124 com.atguigu.srb.core.service.impl.LendItemServiceImpl Before:redis中已投资金额增加
2022-08-05 01:52:29 [INFO ] http-nio-8210-exec-7 RedisUtils.java:95 com.atguigu.srb.core.util.RedisUtils 将srb:core:lendInvest:LEND20220804205749908从3200.00修改至3210.00
2022-08-05 01:52:29 [INFO ] http-nio-8210-exec-7 LendItemServiceImpl.java:131 com.atguigu.srb.core.service.impl.LendItemServiceImpl After:redis中已投资金额增加
2022-08-05 01:52:29 [INFO ] http-nio-8110-exec-6 LendItemServiceImpl.java:75 com.atguigu.srb.core.service.impl.LendItemServiceImpl 生成投资单号:INVEST20220805015229677
2022-08-05 01:52:29 [INFO ] http-nio-8110-exec-6 LendItemServiceImpl.java:124 com.atguigu.srb.core.service.impl.LendItemServiceImpl Before:redis中已投资金额增加
2022-08-05 01:52:29 [INFO ] http-nio-8110-exec-6 RedisUtils.java:95 com.atguigu.srb.core.util.RedisUtils 将srb:core:lendInvest:LEND20220804205749908从3210.00修改至3220.00
2022-08-05 01:52:29 [INFO ] http-nio-8110-exec-6 LendItemServiceImpl.java:131 com.atguigu.srb.core.service.impl.LendItemServiceImpl After:redis中已投资金额增加
2022-08-05 01:52:29 [INFO ] http-nio-8210-exec-8 LendItemServiceImpl.java:75 com.atguigu.srb.core.service.impl.LendItemServiceImpl 生成投资单号:INVEST20220805015229877
2022-08-05 01:52:29 [INFO ] http-nio-8210-exec-8 LendItemServiceImpl.java:124 com.atguigu.srb.core.service.impl.LendItemServiceImpl Before:redis中已投资金额增加
2022-08-05 01:52:29 [INFO ] http-nio-8210-exec-8 RedisUtils.java:95 com.atguigu.srb.core.util.RedisUtils 将srb:core:lendInvest:LEND20220804205749908从3220.00修改至3230.00
2022-08-05 01:52:29 [INFO ] http-nio-8210-exec-8 LendItemServiceImpl.java:131 com.atguigu.srb.core.service.impl.LendItemServiceImpl After:redis中已投资金额增加
2022-08-05 01:52:29 [INFO ] http-nio-8110-exec-7 LendItemServiceImpl.java:75 com.atguigu.srb.core.service.impl.LendItemServiceImpl 生成投资单号:INVEST20220805015229485
2022-08-05 01:52:29 [INFO ] http-nio-8110-exec-7 LendItemServiceImpl.java:124 com.atguigu.srb.core.service.impl.LendItemServiceImpl Before:redis中已投资金额增加
2022-08-05 01:52:29 [INFO ] http-nio-8110-exec-7 RedisUtils.java:95 com.atguigu.srb.core.util.RedisUtils 将srb:core:lendInvest:LEND20220804205749908从3230.00修改至3240.00
2022-08-05 01:52:29 [INFO ] http-nio-8110-exec-7 LendItemServiceImpl.java:131 com.atguigu.srb.core.service.impl.LendItemServiceImpl After:redis中已投资金额增加
2022-08-05 01:52:29 [INFO ] http-nio-8210-exec-9 LendItemServiceImpl.java:75 com.atguigu.srb.core.service.impl.LendItemServiceImpl 生成投资单号:INVEST20220805015229972
2022-08-05 01:52:29 [INFO ] http-nio-8210-exec-9 LendItemServiceImpl.java:124 com.atguigu.srb.core.service.impl.LendItemServiceImpl Before:redis中已投资金额增加
2022-08-05 01:52:29 [INFO ] http-nio-8210-exec-9 RedisUtils.java:95 com.atguigu.srb.core.util.RedisUtils 将srb:core:lendInvest:LEND20220804205749908从3240.00修改至3250.00
2022-08-05 01:52:29 [INFO ] http-nio-8210-exec-9 LendItemServiceImpl.java:131 com.atguigu.srb.core.service.impl.LendItemServiceImpl After:redis中已投资金额增加
2022-08-05 01:52:29 [INFO ] http-nio-8110-exec-8 LendItemServiceImpl.java:75 com.atguigu.srb.core.service.impl.LendItemServiceImpl 生成投资单号:INVEST20220805015229307
2022-08-05 01:52:29 [INFO ] http-nio-8110-exec-8 LendItemServiceImpl.java:124 com.atguigu.srb.core.service.impl.LendItemServiceImpl Before:redis中已投资金额增加
2022-08-05 01:52:29 [INFO ] http-nio-8110-exec-8 RedisUtils.java:95 com.atguigu.srb.core.util.RedisUtils 将srb:core:lendInvest:LEND20220804205749908从3250.00修改至3260.00
2022-08-05 01:52:29 [INFO ] http-nio-8110-exec-8 LendItemServiceImpl.java:131 com.atguigu.srb.core.service.impl.LendItemServiceImpl After:redis中已投资金额增加
2022-08-05 01:52:29 [INFO ] http-nio-8210-exec-10 LendItemServiceImpl.java:75 com.atguigu.srb.core.service.impl.LendItemServiceImpl 生成投资单号:INVEST20220805015229968
2022-08-05 01:52:29 [INFO ] http-nio-8210-exec-10 LendItemServiceImpl.java:124 com.atguigu.srb.core.service.impl.LendItemServiceImpl Before:redis中已投资金额增加
2022-08-05 01:52:29 [INFO ] http-nio-8210-exec-10 RedisUtils.java:95 com.atguigu.srb.core.util.RedisUtils 将srb:core:lendInvest:LEND20220804205749908从3260.00修改至3270.00
2022-08-05 01:52:29 [INFO ] http-nio-8210-exec-10 LendItemServiceImpl.java:131 com.atguigu.srb.core.service.impl.LendItemServiceImpl After:redis中已投资金额增加
2022-08-05 01:52:29 [INFO ] http-nio-8110-exec-9 LendItemServiceImpl.java:75 com.atguigu.srb.core.service.impl.LendItemServiceImpl 生成投资单号:INVEST20220805015229129
2022-08-05 01:52:29 [INFO ] http-nio-8110-exec-9 LendItemServiceImpl.java:124 com.atguigu.srb.core.service.impl.LendItemServiceImpl Before:redis中已投资金额增加
2022-08-05 01:52:29 [INFO ] http-nio-8110-exec-9 RedisUtils.java:95 com.atguigu.srb.core.util.RedisUtils 将srb:core:lendInvest:LEND20220804205749908从3270.00修改至3280.00
2022-08-05 01:52:29 [INFO ] http-nio-8110-exec-9 LendItemServiceImpl.java:131 com.atguigu.srb.core.service.impl.LendItemServiceImpl After:redis中已投资金额增加
2022-08-05 01:52:29 [INFO ] http-nio-8210-exec-1 LendItemServiceImpl.java:75 com.atguigu.srb.core.service.impl.LendItemServiceImpl 生成投资单号:INVEST20220805015229370
2022-08-05 01:52:29 [INFO ] http-nio-8210-exec-1 LendItemServiceImpl.java:124 com.atguigu.srb.core.service.impl.LendItemServiceImpl Before:redis中已投资金额增加
2022-08-05 01:52:29 [INFO ] http-nio-8210-exec-1 RedisUtils.java:95 com.atguigu.srb.core.util.RedisUtils 将srb:core:lendInvest:LEND20220804205749908从3280.00修改至3290.00
2022-08-05 01:52:29 [INFO ] http-nio-8210-exec-1 LendItemServiceImpl.java:131 com.atguigu.srb.core.service.impl.LendItemServiceImpl After:redis中已投资金额增加
2022-08-05 01:52:29 [INFO ] http-nio-8110-exec-10 LendItemServiceImpl.java:75 com.atguigu.srb.core.service.impl.LendItemServiceImpl 生成投资单号:INVEST20220805015229645
2022-08-05 01:52:29 [INFO ] http-nio-8110-exec-10 LendItemServiceImpl.java:124 com.atguigu.srb.core.service.impl.LendItemServiceImpl Before:redis中已投资金额增加
2022-08-05 01:52:29 [INFO ] http-nio-8110-exec-10 RedisUtils.java:95 com.atguigu.srb.core.util.RedisUtils 将srb:core:lendInvest:LEND20220804205749908从3290.00修改至3300.00
2022-08-05 01:52:29 [INFO ] http-nio-8110-exec-10 LendItemServiceImpl.java:131 com.atguigu.srb.core.service.impl.LendItemServiceImpl After:redis中已投资金额增加
2022-08-05 01:52:29 [INFO ] http-nio-8210-exec-2 LendItemServiceImpl.java:75 com.atguigu.srb.core.service.impl.LendItemServiceImpl 生成投资单号:INVEST20220805015229113
2022-08-05 01:52:29 [INFO ] http-nio-8210-exec-2 LendItemServiceImpl.java:124 com.atguigu.srb.core.service.impl.LendItemServiceImpl Before:redis中已投资金额增加
2022-08-05 01:52:29 [INFO ] http-nio-8210-exec-2 RedisUtils.java:95 com.atguigu.srb.core.util.RedisUtils 将srb:core:lendInvest:LEND20220804205749908从3300.00修改至3310.00
2022-08-05 01:52:29 [INFO ] http-nio-8210-exec-2 LendItemServiceImpl.java:131 com.atguigu.srb.core.service.impl.LendItemServiceImpl After:redis中已投资金额增加
2022-08-05 01:52:29 [INFO ] http-nio-8110-exec-1 LendItemServiceImpl.java:75 com.atguigu.srb.core.service.impl.LendItemServiceImpl 生成投资单号:INVEST20220805015229567
2022-08-05 01:52:29 [INFO ] http-nio-8110-exec-1 LendItemServiceImpl.java:124 com.atguigu.srb.core.service.impl.LendItemServiceImpl Before:redis中已投资金额增加
2022-08-05 01:52:29 [INFO ] http-nio-8110-exec-1 RedisUtils.java:95 com.atguigu.srb.core.util.RedisUtils 将srb:core:lendInvest:LEND20220804205749908从3310.00修改至3320.00
2022-08-05 01:52:29 [INFO ] http-nio-8110-exec-1 LendItemServiceImpl.java:131 com.atguigu.srb.core.service.impl.LendItemServiceImpl After:redis中已投资金额增加
2022-08-05 01:52:30 [INFO ] http-nio-8210-exec-3 LendItemServiceImpl.java:75 com.atguigu.srb.core.service.impl.LendItemServiceImpl 生成投资单号:INVEST20220805015230763
2022-08-05 01:52:30 [INFO ] http-nio-8210-exec-3 LendItemServiceImpl.java:124 com.atguigu.srb.core.service.impl.LendItemServiceImpl Before:redis中已投资金额增加
2022-08-05 01:52:30 [INFO ] http-nio-8210-exec-3 RedisUtils.java:95 com.atguigu.srb.core.util.RedisUtils 将srb:core:lendInvest:LEND20220804205749908从3320.00修改至3330.00
2022-08-05 01:52:30 [INFO ] http-nio-8210-exec-3 LendItemServiceImpl.java:131 com.atguigu.srb.core.service.impl.LendItemServiceImpl After:redis中已投资金额增加
2022-08-05 01:52:30 [INFO ] http-nio-8110-exec-2 LendItemServiceImpl.java:75 com.atguigu.srb.core.service.impl.LendItemServiceImpl 生成投资单号:INVEST20220805015230949
2022-08-05 01:52:30 [INFO ] http-nio-8110-exec-2 LendItemServiceImpl.java:124 com.atguigu.srb.core.service.impl.LendItemServiceImpl Before:redis中已投资金额增加
2022-08-05 01:52:30 [INFO ] http-nio-8110-exec-2 RedisUtils.java:95 com.atguigu.srb.core.util.RedisUtils 将srb:core:lendInvest:LEND20220804205749908从3330.00修改至3340.00
2022-08-05 01:52:30 [INFO ] http-nio-8110-exec-2 LendItemServiceImpl.java:131 com.atguigu.srb.core.service.impl.LendItemServiceImpl After:redis中已投资金额增加
2022-08-05 01:52:30 [INFO ] http-nio-8210-exec-4 LendItemServiceImpl.java:75 com.atguigu.srb.core.service.impl.LendItemServiceImpl 生成投资单号:INVEST20220805015230269
2022-08-05 01:52:30 [INFO ] http-nio-8210-exec-4 LendItemServiceImpl.java:124 com.atguigu.srb.core.service.impl.LendItemServiceImpl Before:redis中已投资金额增加
2022-08-05 01:52:30 [INFO ] http-nio-8210-exec-4 RedisUtils.java:95 com.atguigu.srb.core.util.RedisUtils 将srb:core:lendInvest:LEND20220804205749908从3340.00修改至3350.00
2022-08-05 01:52:30 [INFO ] http-nio-8210-exec-4 LendItemServiceImpl.java:131 com.atguigu.srb.core.service.impl.LendItemServiceImpl After:redis中已投资金额增加
2022-08-05 01:52:30 [INFO ] http-nio-8110-exec-3 LendItemServiceImpl.java:75 com.atguigu.srb.core.service.impl.LendItemServiceImpl 生成投资单号:INVEST20220805015230685
2022-08-05 01:52:30 [INFO ] http-nio-8110-exec-3 LendItemServiceImpl.java:124 com.atguigu.srb.core.service.impl.LendItemServiceImpl Before:redis中已投资金额增加
2022-08-05 01:52:30 [INFO ] http-nio-8110-exec-3 RedisUtils.java:95 com.atguigu.srb.core.util.RedisUtils 将srb:core:lendInvest:LEND20220804205749908从3350.00修改至3360.00
2022-08-05 01:52:30 [INFO ] http-nio-8110-exec-3 LendItemServiceImpl.java:131 com.atguigu.srb.core.service.impl.LendItemServiceImpl After:redis中已投资金额增加
2022-08-05 01:52:30 [INFO ] http-nio-8210-exec-5 LendItemServiceImpl.java:75 com.atguigu.srb.core.service.impl.LendItemServiceImpl 生成投资单号:INVEST20220805015230047
2022-08-05 01:52:30 [INFO ] http-nio-8210-exec-5 LendItemServiceImpl.java:124 com.atguigu.srb.core.service.impl.LendItemServiceImpl Before:redis中已投资金额增加
2022-08-05 01:52:30 [INFO ] http-nio-8210-exec-5 RedisUtils.java:95 com.atguigu.srb.core.util.RedisUtils 将srb:core:lendInvest:LEND20220804205749908从3360.00修改至3370.00
2022-08-05 01:52:30 [INFO ] http-nio-8210-exec-5 LendItemServiceImpl.java:131 com.atguigu.srb.core.service.impl.LendItemServiceImpl After:redis中已投资金额增加
2022-08-05 01:52:30 [INFO ] http-nio-8110-exec-4 LendItemServiceImpl.java:75 com.atguigu.srb.core.service.impl.LendItemServiceImpl 生成投资单号:INVEST20220805015230239
2022-08-05 01:52:30 [INFO ] http-nio-8110-exec-4 LendItemServiceImpl.java:124 com.atguigu.srb.core.service.impl.LendItemServiceImpl Before:redis中已投资金额增加
2022-08-05 01:52:30 [INFO ] http-nio-8110-exec-4 RedisUtils.java:95 com.atguigu.srb.core.util.RedisUtils 将srb:core:lendInvest:LEND20220804205749908从3370.00修改至3380.00
2022-08-05 01:52:30 [INFO ] http-nio-8110-exec-4 LendItemServiceImpl.java:131 com.atguigu.srb.core.service.impl.LendItemServiceImpl After:redis中已投资金额增加
2022-08-05 01:52:30 [INFO ] http-nio-8210-exec-6 LendItemServiceImpl.java:75 com.atguigu.srb.core.service.impl.LendItemServiceImpl 生成投资单号:INVEST20220805015230503
2022-08-05 01:52:30 [INFO ] http-nio-8210-exec-6 LendItemServiceImpl.java:124 com.atguigu.srb.core.service.impl.LendItemServiceImpl Before:redis中已投资金额增加
2022-08-05 01:52:30 [INFO ] http-nio-8210-exec-6 RedisUtils.java:95 com.atguigu.srb.core.util.RedisUtils 将srb:core:lendInvest:LEND20220804205749908从3380.00修改至3390.00
2022-08-05 01:52:30 [INFO ] http-nio-8210-exec-6 LendItemServiceImpl.java:131 com.atguigu.srb.core.service.impl.LendItemServiceImpl After:redis中已投资金额增加
2022-08-05 01:52:30 [INFO ] http-nio-8110-exec-5 LendItemServiceImpl.java:75 com.atguigu.srb.core.service.impl.LendItemServiceImpl 生成投资单号:INVEST20220805015230266
2022-08-05 01:52:30 [INFO ] http-nio-8110-exec-5 LendItemServiceImpl.java:124 com.atguigu.srb.core.service.impl.LendItemServiceImpl Before:redis中已投资金额增加
2022-08-05 01:52:30 [INFO ] http-nio-8110-exec-5 RedisUtils.java:95 com.atguigu.srb.core.util.RedisUtils 将srb:core:lendInvest:LEND20220804205749908从3390.00修改至3400.00
2022-08-05 01:52:30 [INFO ] http-nio-8110-exec-5 LendItemServiceImpl.java:131 com.atguigu.srb.core.service.impl.LendItemServiceImpl After:redis中已投资金额增加
2022-08-05 01:52:30 [INFO ] http-nio-8210-exec-7 LendItemServiceImpl.java:75 com.atguigu.srb.core.service.impl.LendItemServiceImpl 生成投资单号:INVEST20220805015230360
2022-08-05 01:52:30 [INFO ] http-nio-8210-exec-7 LendItemServiceImpl.java:124 com.atguigu.srb.core.service.impl.LendItemServiceImpl Before:redis中已投资金额增加
2022-08-05 01:52:30 [INFO ] http-nio-8210-exec-7 RedisUtils.java:95 com.atguigu.srb.core.util.RedisUtils 将srb:core:lendInvest:LEND20220804205749908从3400.00修改至3410.00
2022-08-05 01:52:30 [INFO ] http-nio-8210-exec-7 LendItemServiceImpl.java:131 com.atguigu.srb.core.service.impl.LendItemServiceImpl After:redis中已投资金额增加
2022-08-05 01:52:30 [INFO ] http-nio-8110-exec-6 LendItemServiceImpl.java:75 com.atguigu.srb.core.service.impl.LendItemServiceImpl 生成投资单号:INVEST20220805015230399
2022-08-05 01:52:30 [INFO ] http-nio-8110-exec-6 LendItemServiceImpl.java:124 com.atguigu.srb.core.service.impl.LendItemServiceImpl Before:redis中已投资金额增加
2022-08-05 01:52:30 [INFO ] http-nio-8110-exec-6 RedisUtils.java:95 com.atguigu.srb.core.util.RedisUtils 将srb:core:lendInvest:LEND20220804205749908从3410.00修改至3420.00
2022-08-05 01:52:30 [INFO ] http-nio-8110-exec-6 LendItemServiceImpl.java:131 com.atguigu.srb.core.service.impl.LendItemServiceImpl After:redis中已投资金额增加
2022-08-05 01:52:30 [INFO ] http-nio-8210-exec-8 LendItemServiceImpl.java:75 com.atguigu.srb.core.service.impl.LendItemServiceImpl 生成投资单号:INVEST20220805015230003
2022-08-05 01:52:30 [INFO ] http-nio-8210-exec-8 LendItemServiceImpl.java:124 com.atguigu.srb.core.service.impl.LendItemServiceImpl Before:redis中已投资金额增加
2022-08-05 01:52:30 [INFO ] http-nio-8210-exec-8 RedisUtils.java:95 com.atguigu.srb.core.util.RedisUtils 将srb:core:lendInvest:LEND20220804205749908从3420.00修改至3430.00
2022-08-05 01:52:30 [INFO ] http-nio-8210-exec-8 LendItemServiceImpl.java:131 com.atguigu.srb.core.service.impl.LendItemServiceImpl After:redis中已投资金额增加
2022-08-05 01:52:30 [INFO ] http-nio-8110-exec-7 LendItemServiceImpl.java:75 com.atguigu.srb.core.service.impl.LendItemServiceImpl 生成投资单号:INVEST20220805015230518
2022-08-05 01:52:30 [INFO ] http-nio-8110-exec-7 LendItemServiceImpl.java:124 com.atguigu.srb.core.service.impl.LendItemServiceImpl Before:redis中已投资金额增加
2022-08-05 01:52:30 [INFO ] http-nio-8110-exec-7 RedisUtils.java:95 com.atguigu.srb.core.util.RedisUtils 将srb:core:lendInvest:LEND20220804205749908从3430.00修改至3440.00
2022-08-05 01:52:30 [INFO ] http-nio-8110-exec-7 LendItemServiceImpl.java:131 com.atguigu.srb.core.service.impl.LendItemServiceImpl After:redis中已投资金额增加
2022-08-05 01:52:30 [INFO ] http-nio-8210-exec-9 LendItemServiceImpl.java:75 com.atguigu.srb.core.service.impl.LendItemServiceImpl 生成投资单号:INVEST20220805015230336
2022-08-05 01:52:30 [INFO ] http-nio-8210-exec-9 LendItemServiceImpl.java:124 com.atguigu.srb.core.service.impl.LendItemServiceImpl Before:redis中已投资金额增加
2022-08-05 01:52:30 [INFO ] http-nio-8210-exec-9 RedisUtils.java:95 com.atguigu.srb.core.util.RedisUtils 将srb:core:lendInvest:LEND20220804205749908从3440.00修改至3450.00
2022-08-05 01:52:30 [INFO ] http-nio-8210-exec-9 LendItemServiceImpl.java:131 com.atguigu.srb.core.service.impl.LendItemServiceImpl After:redis中已投资金额增加
2022-08-05 01:52:30 [INFO ] http-nio-8110-exec-8 LendItemServiceImpl.java:75 com.atguigu.srb.core.service.impl.LendItemServiceImpl 生成投资单号:INVEST20220805015230040
2022-08-05 01:52:30 [INFO ] http-nio-8110-exec-8 LendItemServiceImpl.java:124 com.atguigu.srb.core.service.impl.LendItemServiceImpl Before:redis中已投资金额增加
2022-08-05 01:52:30 [INFO ] http-nio-8110-exec-8 RedisUtils.java:95 com.atguigu.srb.core.util.RedisUtils 将srb:core:lendInvest:LEND20220804205749908从3450.00修改至3460.00
2022-08-05 01:52:30 [INFO ] http-nio-8110-exec-8 LendItemServiceImpl.java:131 com.atguigu.srb.core.service.impl.LendItemServiceImpl After:redis中已投资金额增加
2022-08-05 01:52:30 [INFO ] http-nio-8210-exec-10 LendItemServiceImpl.java:75 com.atguigu.srb.core.service.impl.LendItemServiceImpl 生成投资单号:INVEST20220805015230462
2022-08-05 01:52:30 [INFO ] http-nio-8210-exec-10 LendItemServiceImpl.java:124 com.atguigu.srb.core.service.impl.LendItemServiceImpl Before:redis中已投资金额增加
2022-08-05 01:52:30 [INFO ] http-nio-8210-exec-10 RedisUtils.java:95 com.atguigu.srb.core.util.RedisUtils 将srb:core:lendInvest:LEND20220804205749908从3460.00修改至3470.00
2022-08-05 01:52:30 [INFO ] http-nio-8210-exec-10 LendItemServiceImpl.java:131 com.atguigu.srb.core.service.impl.LendItemServiceImpl After:redis中已投资金额增加
2022-08-05 01:52:30 [INFO ] http-nio-8110-exec-9 LendItemServiceImpl.java:75 com.atguigu.srb.core.service.impl.LendItemServiceImpl 生成投资单号:INVEST20220805015230140
2022-08-05 01:52:30 [INFO ] http-nio-8110-exec-9 LendItemServiceImpl.java:124 com.atguigu.srb.core.service.impl.LendItemServiceImpl Before:redis中已投资金额增加
2022-08-05 01:52:30 [INFO ] http-nio-8110-exec-9 RedisUtils.java:95 com.atguigu.srb.core.util.RedisUtils 将srb:core:lendInvest:LEND20220804205749908从3470.00修改至3480.00
2022-08-05 01:52:30 [INFO ] http-nio-8110-exec-9 LendItemServiceImpl.java:131 com.atguigu.srb.core.service.impl.LendItemServiceImpl After:redis中已投资金额增加
2022-08-05 01:52:30 [INFO ] http-nio-8210-exec-1 LendItemServiceImpl.java:75 com.atguigu.srb.core.service.impl.LendItemServiceImpl 生成投资单号:INVEST20220805015230638
2022-08-05 01:52:30 [INFO ] http-nio-8210-exec-1 LendItemServiceImpl.java:124 com.atguigu.srb.core.service.impl.LendItemServiceImpl Before:redis中已投资金额增加
2022-08-05 01:52:31 [INFO ] http-nio-8210-exec-1 RedisUtils.java:95 com.atguigu.srb.core.util.RedisUtils 将srb:core:lendInvest:LEND20220804205749908从3480.00修改至3490.00
2022-08-05 01:52:31 [INFO ] http-nio-8210-exec-1 LendItemServiceImpl.java:131 com.atguigu.srb.core.service.impl.LendItemServiceImpl After:redis中已投资金额增加
2022-08-05 01:52:31 [INFO ] http-nio-8110-exec-10 LendItemServiceImpl.java:75 com.atguigu.srb.core.service.impl.LendItemServiceImpl 生成投资单号:INVEST20220805015231396
2022-08-05 01:52:31 [INFO ] http-nio-8110-exec-10 LendItemServiceImpl.java:124 com.atguigu.srb.core.service.impl.LendItemServiceImpl Before:redis中已投资金额增加
2022-08-05 01:52:31 [INFO ] http-nio-8110-exec-10 RedisUtils.java:95 com.atguigu.srb.core.util.RedisUtils 将srb:core:lendInvest:LEND20220804205749908从3490.00修改至3500.00
2022-08-05 01:52:31 [INFO ] http-nio-8110-exec-10 LendItemServiceImpl.java:131 com.atguigu.srb.core.service.impl.LendItemServiceImpl After:redis中已投资金额增加
2022-08-05 01:52:31 [INFO ] http-nio-8210-exec-2 LendItemServiceImpl.java:75 com.atguigu.srb.core.service.impl.LendItemServiceImpl 生成投资单号:INVEST20220805015231818
2022-08-05 01:52:31 [INFO ] http-nio-8210-exec-2 LendItemServiceImpl.java:124 com.atguigu.srb.core.service.impl.LendItemServiceImpl Before:redis中已投资金额增加
2022-08-05 01:52:31 [INFO ] http-nio-8210-exec-2 RedisUtils.java:95 com.atguigu.srb.core.util.RedisUtils 将srb:core:lendInvest:LEND20220804205749908从3500.00修改至3510.00
2022-08-05 01:52:31 [INFO ] http-nio-8210-exec-2 LendItemServiceImpl.java:131 com.atguigu.srb.core.service.impl.LendItemServiceImpl After:redis中已投资金额增加
2022-08-05 01:52:31 [INFO ] http-nio-8110-exec-1 LendItemServiceImpl.java:75 com.atguigu.srb.core.service.impl.LendItemServiceImpl 生成投资单号:INVEST20220805015231668
2022-08-05 01:52:31 [INFO ] http-nio-8110-exec-1 LendItemServiceImpl.java:124 com.atguigu.srb.core.service.impl.LendItemServiceImpl Before:redis中已投资金额增加
2022-08-05 01:52:31 [INFO ] http-nio-8110-exec-1 RedisUtils.java:95 com.atguigu.srb.core.util.RedisUtils 将srb:core:lendInvest:LEND20220804205749908从3510.00修改至3520.00
2022-08-05 01:52:31 [INFO ] http-nio-8110-exec-1 LendItemServiceImpl.java:131 com.atguigu.srb.core.service.impl.LendItemServiceImpl After:redis中已投资金额增加
2022-08-05 01:52:31 [INFO ] http-nio-8210-exec-3 LendItemServiceImpl.java:75 com.atguigu.srb.core.service.impl.LendItemServiceImpl 生成投资单号:INVEST20220805015231227
2022-08-05 01:52:31 [INFO ] http-nio-8210-exec-3 LendItemServiceImpl.java:124 com.atguigu.srb.core.service.impl.LendItemServiceImpl Before:redis中已投资金额增加
2022-08-05 01:52:31 [INFO ] http-nio-8210-exec-3 RedisUtils.java:95 com.atguigu.srb.core.util.RedisUtils 将srb:core:lendInvest:LEND20220804205749908从3520.00修改至3530.00
2022-08-05 01:52:31 [INFO ] http-nio-8210-exec-3 LendItemServiceImpl.java:131 com.atguigu.srb.core.service.impl.LendItemServiceImpl After:redis中已投资金额增加
2022-08-05 01:52:31 [INFO ] http-nio-8110-exec-2 LendItemServiceImpl.java:75 com.atguigu.srb.core.service.impl.LendItemServiceImpl 生成投资单号:INVEST20220805015231182
2022-08-05 01:52:31 [INFO ] http-nio-8110-exec-2 LendItemServiceImpl.java:124 com.atguigu.srb.core.service.impl.LendItemServiceImpl Before:redis中已投资金额增加
2022-08-05 01:52:31 [INFO ] http-nio-8110-exec-2 RedisUtils.java:95 com.atguigu.srb.core.util.RedisUtils 将srb:core:lendInvest:LEND20220804205749908从3530.00修改至3540.00
2022-08-05 01:52:31 [INFO ] http-nio-8110-exec-2 LendItemServiceImpl.java:131 com.atguigu.srb.core.service.impl.LendItemServiceImpl After:redis中已投资金额增加
2022-08-05 01:52:31 [INFO ] http-nio-8210-exec-4 LendItemServiceImpl.java:75 com.atguigu.srb.core.service.impl.LendItemServiceImpl 生成投资单号:INVEST20220805015231261
2022-08-05 01:52:31 [INFO ] http-nio-8210-exec-4 LendItemServiceImpl.java:124 com.atguigu.srb.core.service.impl.LendItemServiceImpl Before:redis中已投资金额增加
2022-08-05 01:52:31 [INFO ] http-nio-8210-exec-4 RedisUtils.java:95 com.atguigu.srb.core.util.RedisUtils 将srb:core:lendInvest:LEND20220804205749908从3540.00修改至3550.00
2022-08-05 01:52:31 [INFO ] http-nio-8210-exec-4 LendItemServiceImpl.java:131 com.atguigu.srb.core.service.impl.LendItemServiceImpl After:redis中已投资金额增加
2022-08-05 01:52:31 [INFO ] http-nio-8110-exec-3 LendItemServiceImpl.java:75 com.atguigu.srb.core.service.impl.LendItemServiceImpl 生成投资单号:INVEST20220805015231638
2022-08-05 01:52:31 [INFO ] http-nio-8110-exec-3 LendItemServiceImpl.java:124 com.atguigu.srb.core.service.impl.LendItemServiceImpl Before:redis中已投资金额增加
2022-08-05 01:52:31 [INFO ] http-nio-8110-exec-3 RedisUtils.java:95 com.atguigu.srb.core.util.RedisUtils 将srb:core:lendInvest:LEND20220804205749908从3550.00修改至3560.00
2022-08-05 01:52:31 [INFO ] http-nio-8110-exec-3 LendItemServiceImpl.java:131 com.atguigu.srb.core.service.impl.LendItemServiceImpl After:redis中已投资金额增加
2022-08-05 01:52:31 [INFO ] http-nio-8210-exec-5 LendItemServiceImpl.java:75 com.atguigu.srb.core.service.impl.LendItemServiceImpl 生成投资单号:INVEST20220805015231377
2022-08-05 01:52:31 [INFO ] http-nio-8210-exec-5 LendItemServiceImpl.java:124 com.atguigu.srb.core.service.impl.LendItemServiceImpl Before:redis中已投资金额增加
2022-08-05 01:52:31 [INFO ] http-nio-8210-exec-5 RedisUtils.java:95 com.atguigu.srb.core.util.RedisUtils 将srb:core:lendInvest:LEND20220804205749908从3560.00修改至3570.00
2022-08-05 01:52:31 [INFO ] http-nio-8210-exec-5 LendItemServiceImpl.java:131 com.atguigu.srb.core.service.impl.LendItemServiceImpl After:redis中已投资金额增加
2022-08-05 01:52:31 [INFO ] http-nio-8110-exec-4 LendItemServiceImpl.java:75 com.atguigu.srb.core.service.impl.LendItemServiceImpl 生成投资单号:INVEST20220805015231705
2022-08-05 01:52:31 [INFO ] http-nio-8110-exec-4 LendItemServiceImpl.java:124 com.atguigu.srb.core.service.impl.LendItemServiceImpl Before:redis中已投资金额增加
2022-08-05 01:52:31 [INFO ] http-nio-8110-exec-4 RedisUtils.java:95 com.atguigu.srb.core.util.RedisUtils 将srb:core:lendInvest:LEND20220804205749908从3570.00修改至3580.00
2022-08-05 01:52:31 [INFO ] http-nio-8110-exec-4 LendItemServiceImpl.java:131 com.atguigu.srb.core.service.impl.LendItemServiceImpl After:redis中已投资金额增加
2022-08-05 01:52:31 [INFO ] http-nio-8210-exec-6 LendItemServiceImpl.java:75 com.atguigu.srb.core.service.impl.LendItemServiceImpl 生成投资单号:INVEST20220805015231684
2022-08-05 01:52:31 [INFO ] http-nio-8210-exec-6 LendItemServiceImpl.java:124 com.atguigu.srb.core.service.impl.LendItemServiceImpl Before:redis中已投资金额增加
2022-08-05 01:52:31 [INFO ] http-nio-8210-exec-6 RedisUtils.java:95 com.atguigu.srb.core.util.RedisUtils 将srb:core:lendInvest:LEND20220804205749908从3580.00修改至3590.00
2022-08-05 01:52:31 [INFO ] http-nio-8210-exec-6 LendItemServiceImpl.java:131 com.atguigu.srb.core.service.impl.LendItemServiceImpl After:redis中已投资金额增加
2022-08-05 01:52:31 [INFO ] http-nio-8110-exec-5 LendItemServiceImpl.java:75 com.atguigu.srb.core.service.impl.LendItemServiceImpl 生成投资单号:INVEST20220805015231925
2022-08-05 01:52:31 [INFO ] http-nio-8110-exec-5 LendItemServiceImpl.java:124 com.atguigu.srb.core.service.impl.LendItemServiceImpl Before:redis中已投资金额增加
2022-08-05 01:52:31 [INFO ] http-nio-8110-exec-5 RedisUtils.java:95 com.atguigu.srb.core.util.RedisUtils 将srb:core:lendInvest:LEND20220804205749908从3590.00修改至3600.00
2022-08-05 01:52:31 [INFO ] http-nio-8110-exec-5 LendItemServiceImpl.java:131 com.atguigu.srb.core.service.impl.LendItemServiceImpl After:redis中已投资金额增加
2022-08-05 01:52:31 [INFO ] http-nio-8210-exec-7 LendItemServiceImpl.java:75 com.atguigu.srb.core.service.impl.LendItemServiceImpl 生成投资单号:INVEST20220805015231994
2022-08-05 01:52:31 [INFO ] http-nio-8210-exec-7 LendItemServiceImpl.java:124 com.atguigu.srb.core.service.impl.LendItemServiceImpl Before:redis中已投资金额增加
2022-08-05 01:52:31 [INFO ] http-nio-8210-exec-7 RedisUtils.java:95 com.atguigu.srb.core.util.RedisUtils 将srb:core:lendInvest:LEND20220804205749908从3600.00修改至3610.00
2022-08-05 01:52:31 [INFO ] http-nio-8210-exec-7 LendItemServiceImpl.java:131 com.atguigu.srb.core.service.impl.LendItemServiceImpl After:redis中已投资金额增加
2022-08-05 01:52:31 [INFO ] http-nio-8110-exec-6 LendItemServiceImpl.java:75 com.atguigu.srb.core.service.impl.LendItemServiceImpl 生成投资单号:INVEST20220805015231843
2022-08-05 01:52:31 [INFO ] http-nio-8110-exec-6 LendItemServiceImpl.java:124 com.atguigu.srb.core.service.impl.LendItemServiceImpl Before:redis中已投资金额增加
2022-08-05 01:52:31 [INFO ] http-nio-8110-exec-6 RedisUtils.java:95 com.atguigu.srb.core.util.RedisUtils 将srb:core:lendInvest:LEND20220804205749908从3610.00修改至3620.00
2022-08-05 01:52:31 [INFO ] http-nio-8110-exec-6 LendItemServiceImpl.java:131 com.atguigu.srb.core.service.impl.LendItemServiceImpl After:redis中已投资金额增加
2022-08-05 01:52:31 [INFO ] http-nio-8210-exec-8 LendItemServiceImpl.java:75 com.atguigu.srb.core.service.impl.LendItemServiceImpl 生成投资单号:INVEST20220805015231175
2022-08-05 01:52:31 [INFO ] http-nio-8210-exec-8 LendItemServiceImpl.java:124 com.atguigu.srb.core.service.impl.LendItemServiceImpl Before:redis中已投资金额增加
2022-08-05 01:52:31 [INFO ] http-nio-8210-exec-8 RedisUtils.java:95 com.atguigu.srb.core.util.RedisUtils 将srb:core:lendInvest:LEND20220804205749908从3620.00修改至3630.00
2022-08-05 01:52:31 [INFO ] http-nio-8210-exec-8 LendItemServiceImpl.java:131 com.atguigu.srb.core.service.impl.LendItemServiceImpl After:redis中已投资金额增加
2022-08-05 01:53:16 [INFO ] http-nio-8110-exec-7 LendItemServiceImpl.java:75 com.atguigu.srb.core.service.impl.LendItemServiceImpl 生成投资单号:INVEST20220805015316650
2022-08-05 01:53:16 [INFO ] http-nio-8110-exec-7 LendItemServiceImpl.java:124 com.atguigu.srb.core.service.impl.LendItemServiceImpl Before:redis中已投资金额增加
2022-08-05 01:53:16 [INFO ] http-nio-8110-exec-7 RedisUtils.java:95 com.atguigu.srb.core.util.RedisUtils 将srb:core:lendInvest:LEND20220804205749908从3630.00修改至3640.00
2022-08-05 01:53:16 [INFO ] http-nio-8110-exec-7 LendItemServiceImpl.java:131 com.atguigu.srb.core.service.impl.LendItemServiceImpl After:redis中已投资金额增加
2022-08-05 01:53:16 [INFO ] http-nio-8210-exec-9 LendItemServiceImpl.java:75 com.atguigu.srb.core.service.impl.LendItemServiceImpl 生成投资单号:INVEST20220805015316890
2022-08-05 01:53:16 [INFO ] http-nio-8210-exec-9 LendItemServiceImpl.java:124 com.atguigu.srb.core.service.impl.LendItemServiceImpl Before:redis中已投资金额增加
2022-08-05 01:53:16 [INFO ] http-nio-8210-exec-9 RedisUtils.java:95 com.atguigu.srb.core.util.RedisUtils 将srb:core:lendInvest:LEND20220804205749908从3640.00修改至3650.00
2022-08-05 01:53:16 [INFO ] http-nio-8210-exec-9 LendItemServiceImpl.java:131 com.atguigu.srb.core.service.impl.LendItemServiceImpl After:redis中已投资金额增加
2022-08-05 01:53:16 [INFO ] http-nio-8110-exec-8 LendItemServiceImpl.java:75 com.atguigu.srb.core.service.impl.LendItemServiceImpl 生成投资单号:INVEST20220805015316908
2022-08-05 01:53:16 [INFO ] http-nio-8110-exec-8 LendItemServiceImpl.java:124 com.atguigu.srb.core.service.impl.LendItemServiceImpl Before:redis中已投资金额增加
2022-08-05 01:53:16 [INFO ] http-nio-8110-exec-8 RedisUtils.java:95 com.atguigu.srb.core.util.RedisUtils 将srb:core:lendInvest:LEND20220804205749908从3650.00修改至3660.00
2022-08-05 01:53:16 [INFO ] http-nio-8110-exec-8 LendItemServiceImpl.java:131 com.atguigu.srb.core.service.impl.LendItemServiceImpl After:redis中已投资金额增加
2022-08-05 01:53:16 [INFO ] http-nio-8210-exec-10 LendItemServiceImpl.java:75 com.atguigu.srb.core.service.impl.LendItemServiceImpl 生成投资单号:INVEST20220805015316823
2022-08-05 01:53:16 [INFO ] http-nio-8210-exec-10 LendItemServiceImpl.java:124 com.atguigu.srb.core.service.impl.LendItemServiceImpl Before:redis中已投资金额增加
2022-08-05 01:53:16 [INFO ] http-nio-8210-exec-10 RedisUtils.java:95 com.atguigu.srb.core.util.RedisUtils 将srb:core:lendInvest:LEND20220804205749908从3660.00修改至3670.00
2022-08-05 01:53:16 [INFO ] http-nio-8210-exec-10 LendItemServiceImpl.java:131 com.atguigu.srb.core.service.impl.LendItemServiceImpl After:redis中已投资金额增加
2022-08-05 01:53:16 [INFO ] http-nio-8110-exec-9 LendItemServiceImpl.java:75 com.atguigu.srb.core.service.impl.LendItemServiceImpl 生成投资单号:INVEST20220805015316549
2022-08-05 01:53:16 [INFO ] http-nio-8110-exec-9 LendItemServiceImpl.java:124 com.atguigu.srb.core.service.impl.LendItemServiceImpl Before:redis中已投资金额增加
2022-08-05 01:53:16 [INFO ] http-nio-8110-exec-9 RedisUtils.java:95 com.atguigu.srb.core.util.RedisUtils 将srb:core:lendInvest:LEND20220804205749908从3670.00修改至3680.00
2022-08-05 01:53:16 [INFO ] http-nio-8110-exec-9 LendItemServiceImpl.java:131 com.atguigu.srb.core.service.impl.LendItemServiceImpl After:redis中已投资金额增加
2022-08-05 01:53:16 [INFO ] http-nio-8210-exec-1 LendItemServiceImpl.java:75 com.atguigu.srb.core.service.impl.LendItemServiceImpl 生成投资单号:INVEST20220805015316163
2022-08-05 01:53:16 [INFO ] http-nio-8210-exec-1 LendItemServiceImpl.java:124 com.atguigu.srb.core.service.impl.LendItemServiceImpl Before:redis中已投资金额增加
2022-08-05 01:53:16 [INFO ] http-nio-8210-exec-1 RedisUtils.java:95 com.atguigu.srb.core.util.RedisUtils 将srb:core:lendInvest:LEND20220804205749908从3680.00修改至3690.00
2022-08-05 01:53:16 [INFO ] http-nio-8210-exec-1 LendItemServiceImpl.java:131 com.atguigu.srb.core.service.impl.LendItemServiceImpl After:redis中已投资金额增加
2022-08-05 01:53:16 [INFO ] http-nio-8110-exec-10 LendItemServiceImpl.java:75 com.atguigu.srb.core.service.impl.LendItemServiceImpl 生成投资单号:INVEST20220805015316519
2022-08-05 01:53:16 [INFO ] http-nio-8110-exec-10 LendItemServiceImpl.java:124 com.atguigu.srb.core.service.impl.LendItemServiceImpl Before:redis中已投资金额增加
2022-08-05 01:53:16 [INFO ] http-nio-8110-exec-10 RedisUtils.java:95 com.atguigu.srb.core.util.RedisUtils 将srb:core:lendInvest:LEND20220804205749908从3690.00修改至3700.00
2022-08-05 01:53:16 [INFO ] http-nio-8110-exec-10 LendItemServiceImpl.java:131 com.atguigu.srb.core.service.impl.LendItemServiceImpl After:redis中已投资金额增加
2022-08-05 01:53:16 [INFO ] http-nio-8210-exec-2 LendItemServiceImpl.java:75 com.atguigu.srb.core.service.impl.LendItemServiceImpl 生成投资单号:INVEST20220805015316946
2022-08-05 01:53:16 [INFO ] http-nio-8210-exec-2 LendItemServiceImpl.java:124 com.atguigu.srb.core.service.impl.LendItemServiceImpl Before:redis中已投资金额增加
2022-08-05 01:53:16 [INFO ] http-nio-8210-exec-2 RedisUtils.java:95 com.atguigu.srb.core.util.RedisUtils 将srb:core:lendInvest:LEND20220804205749908从3700.00修改至3710.00
2022-08-05 01:53:16 [INFO ] http-nio-8210-exec-2 LendItemServiceImpl.java:131 com.atguigu.srb.core.service.impl.LendItemServiceImpl After:redis中已投资金额增加
2022-08-05 01:53:16 [INFO ] http-nio-8110-exec-1 LendItemServiceImpl.java:75 com.atguigu.srb.core.service.impl.LendItemServiceImpl 生成投资单号:INVEST20220805015316121
2022-08-05 01:53:16 [INFO ] http-nio-8110-exec-1 LendItemServiceImpl.java:124 com.atguigu.srb.core.service.impl.LendItemServiceImpl Before:redis中已投资金额增加
2022-08-05 01:53:16 [INFO ] http-nio-8110-exec-1 RedisUtils.java:95 com.atguigu.srb.core.util.RedisUtils 将srb:core:lendInvest:LEND20220804205749908从3710.00修改至3720.00
2022-08-05 01:53:16 [INFO ] http-nio-8110-exec-1 LendItemServiceImpl.java:131 com.atguigu.srb.core.service.impl.LendItemServiceImpl After:redis中已投资金额增加
2022-08-05 01:53:16 [INFO ] http-nio-8210-exec-3 LendItemServiceImpl.java:75 com.atguigu.srb.core.service.impl.LendItemServiceImpl 生成投资单号:INVEST20220805015316885
2022-08-05 01:53:16 [INFO ] http-nio-8210-exec-3 LendItemServiceImpl.java:124 com.atguigu.srb.core.service.impl.LendItemServiceImpl Before:redis中已投资金额增加
2022-08-05 01:53:16 [INFO ] http-nio-8210-exec-3 RedisUtils.java:95 com.atguigu.srb.core.util.RedisUtils 将srb:core:lendInvest:LEND20220804205749908从3720.00修改至3730.00
2022-08-05 01:53:16 [INFO ] http-nio-8210-exec-3 LendItemServiceImpl.java:131 com.atguigu.srb.core.service.impl.LendItemServiceImpl After:redis中已投资金额增加
2022-08-05 01:53:16 [INFO ] http-nio-8110-exec-2 LendItemServiceImpl.java:75 com.atguigu.srb.core.service.impl.LendItemServiceImpl 生成投资单号:INVEST20220805015316651
2022-08-05 01:53:16 [INFO ] http-nio-8110-exec-2 LendItemServiceImpl.java:124 com.atguigu.srb.core.service.impl.LendItemServiceImpl Before:redis中已投资金额增加
2022-08-05 01:53:16 [INFO ] http-nio-8110-exec-2 RedisUtils.java:95 com.atguigu.srb.core.util.RedisUtils 将srb:core:lendInvest:LEND20220804205749908从3730.00修改至3740.00
2022-08-05 01:53:16 [INFO ] http-nio-8110-exec-2 LendItemServiceImpl.java:131 com.atguigu.srb.core.service.impl.LendItemServiceImpl After:redis中已投资金额增加
2022-08-05 01:53:16 [INFO ] http-nio-8210-exec-4 LendItemServiceImpl.java:75 com.atguigu.srb.core.service.impl.LendItemServiceImpl 生成投资单号:INVEST20220805015316610
2022-08-05 01:53:16 [INFO ] http-nio-8210-exec-4 LendItemServiceImpl.java:124 com.atguigu.srb.core.service.impl.LendItemServiceImpl Before:redis中已投资金额增加
2022-08-05 01:53:17 [INFO ] http-nio-8210-exec-4 RedisUtils.java:95 com.atguigu.srb.core.util.RedisUtils 将srb:core:lendInvest:LEND20220804205749908从3740.00修改至3750.00
2022-08-05 01:53:17 [INFO ] http-nio-8210-exec-4 LendItemServiceImpl.java:131 com.atguigu.srb.core.service.impl.LendItemServiceImpl After:redis中已投资金额增加
2022-08-05 01:53:17 [INFO ] http-nio-8110-exec-3 LendItemServiceImpl.java:75 com.atguigu.srb.core.service.impl.LendItemServiceImpl 生成投资单号:INVEST20220805015317810
2022-08-05 01:53:17 [INFO ] http-nio-8110-exec-3 LendItemServiceImpl.java:124 com.atguigu.srb.core.service.impl.LendItemServiceImpl Before:redis中已投资金额增加
2022-08-05 01:53:17 [INFO ] http-nio-8110-exec-3 RedisUtils.java:95 com.atguigu.srb.core.util.RedisUtils 将srb:core:lendInvest:LEND20220804205749908从3750.00修改至3760.00
2022-08-05 01:53:17 [INFO ] http-nio-8110-exec-3 LendItemServiceImpl.java:131 com.atguigu.srb.core.service.impl.LendItemServiceImpl After:redis中已投资金额增加
2022-08-05 01:53:17 [INFO ] http-nio-8210-exec-5 LendItemServiceImpl.java:75 com.atguigu.srb.core.service.impl.LendItemServiceImpl 生成投资单号:INVEST20220805015317431
2022-08-05 01:53:17 [INFO ] http-nio-8210-exec-5 LendItemServiceImpl.java:124 com.atguigu.srb.core.service.impl.LendItemServiceImpl Before:redis中已投资金额增加
2022-08-05 01:53:17 [INFO ] http-nio-8210-exec-5 RedisUtils.java:95 com.atguigu.srb.core.util.RedisUtils 将srb:core:lendInvest:LEND20220804205749908从3760.00修改至3770.00
2022-08-05 01:53:17 [INFO ] http-nio-8210-exec-5 LendItemServiceImpl.java:131 com.atguigu.srb.core.service.impl.LendItemServiceImpl After:redis中已投资金额增加
2022-08-05 01:53:17 [INFO ] http-nio-8110-exec-4 LendItemServiceImpl.java:75 com.atguigu.srb.core.service.impl.LendItemServiceImpl 生成投资单号:INVEST20220805015317963
2022-08-05 01:53:17 [INFO ] http-nio-8110-exec-4 LendItemServiceImpl.java:124 com.atguigu.srb.core.service.impl.LendItemServiceImpl Before:redis中已投资金额增加
2022-08-05 01:53:17 [INFO ] http-nio-8110-exec-4 RedisUtils.java:95 com.atguigu.srb.core.util.RedisUtils 将srb:core:lendInvest:LEND20220804205749908从3770.00修改至3780.00
2022-08-05 01:53:17 [INFO ] http-nio-8110-exec-4 LendItemServiceImpl.java:131 com.atguigu.srb.core.service.impl.LendItemServiceImpl After:redis中已投资金额增加
2022-08-05 01:53:17 [INFO ] http-nio-8210-exec-6 LendItemServiceImpl.java:75 com.atguigu.srb.core.service.impl.LendItemServiceImpl 生成投资单号:INVEST20220805015317620
2022-08-05 01:53:17 [INFO ] http-nio-8210-exec-6 LendItemServiceImpl.java:124 com.atguigu.srb.core.service.impl.LendItemServiceImpl Before:redis中已投资金额增加
2022-08-05 01:53:17 [INFO ] http-nio-8210-exec-6 RedisUtils.java:95 com.atguigu.srb.core.util.RedisUtils 将srb:core:lendInvest:LEND20220804205749908从3780.00修改至3790.00
2022-08-05 01:53:17 [INFO ] http-nio-8210-exec-6 LendItemServiceImpl.java:131 com.atguigu.srb.core.service.impl.LendItemServiceImpl After:redis中已投资金额增加
2022-08-05 01:53:17 [INFO ] http-nio-8110-exec-5 LendItemServiceImpl.java:75 com.atguigu.srb.core.service.impl.LendItemServiceImpl 生成投资单号:INVEST20220805015317661
2022-08-05 01:53:17 [INFO ] http-nio-8110-exec-5 LendItemServiceImpl.java:124 com.atguigu.srb.core.service.impl.LendItemServiceImpl Before:redis中已投资金额增加
2022-08-05 01:53:17 [INFO ] http-nio-8110-exec-5 RedisUtils.java:95 com.atguigu.srb.core.util.RedisUtils 将srb:core:lendInvest:LEND20220804205749908从3790.00修改至3800.00
2022-08-05 01:53:17 [INFO ] http-nio-8110-exec-5 LendItemServiceImpl.java:131 com.atguigu.srb.core.service.impl.LendItemServiceImpl After:redis中已投资金额增加
2022-08-05 01:53:17 [INFO ] http-nio-8210-exec-7 LendItemServiceImpl.java:75 com.atguigu.srb.core.service.impl.LendItemServiceImpl 生成投资单号:INVEST20220805015317981
2022-08-05 01:53:17 [INFO ] http-nio-8210-exec-7 LendItemServiceImpl.java:124 com.atguigu.srb.core.service.impl.LendItemServiceImpl Before:redis中已投资金额增加
2022-08-05 01:53:17 [INFO ] http-nio-8210-exec-7 RedisUtils.java:95 com.atguigu.srb.core.util.RedisUtils 将srb:core:lendInvest:LEND20220804205749908从3800.00修改至3810.00
2022-08-05 01:53:17 [INFO ] http-nio-8210-exec-7 LendItemServiceImpl.java:131 com.atguigu.srb.core.service.impl.LendItemServiceImpl After:redis中已投资金额增加
2022-08-05 01:53:17 [INFO ] http-nio-8110-exec-6 LendItemServiceImpl.java:75 com.atguigu.srb.core.service.impl.LendItemServiceImpl 生成投资单号:INVEST20220805015317921
2022-08-05 01:53:17 [INFO ] http-nio-8110-exec-6 LendItemServiceImpl.java:124 com.atguigu.srb.core.service.impl.LendItemServiceImpl Before:redis中已投资金额增加
2022-08-05 01:53:17 [INFO ] http-nio-8110-exec-6 RedisUtils.java:95 com.atguigu.srb.core.util.RedisUtils 将srb:core:lendInvest:LEND20220804205749908从3810.00修改至3820.00
2022-08-05 01:53:17 [INFO ] http-nio-8110-exec-6 LendItemServiceImpl.java:131 com.atguigu.srb.core.service.impl.LendItemServiceImpl After:redis中已投资金额增加
2022-08-05 01:53:17 [INFO ] http-nio-8210-exec-8 LendItemServiceImpl.java:75 com.atguigu.srb.core.service.impl.LendItemServiceImpl 生成投资单号:INVEST20220805015317857
2022-08-05 01:53:17 [INFO ] http-nio-8210-exec-8 LendItemServiceImpl.java:124 com.atguigu.srb.core.service.impl.LendItemServiceImpl Before:redis中已投资金额增加
2022-08-05 01:53:17 [INFO ] http-nio-8210-exec-8 RedisUtils.java:95 com.atguigu.srb.core.util.RedisUtils 将srb:core:lendInvest:LEND20220804205749908从3820.00修改至3830.00
2022-08-05 01:53:17 [INFO ] http-nio-8210-exec-8 LendItemServiceImpl.java:131 com.atguigu.srb.core.service.impl.LendItemServiceImpl After:redis中已投资金额增加
2022-08-05 01:53:17 [INFO ] http-nio-8110-exec-7 LendItemServiceImpl.java:75 com.atguigu.srb.core.service.impl.LendItemServiceImpl 生成投资单号:INVEST20220805015317281
2022-08-05 01:53:17 [INFO ] http-nio-8110-exec-7 LendItemServiceImpl.java:124 com.atguigu.srb.core.service.impl.LendItemServiceImpl Before:redis中已投资金额增加
2022-08-05 01:53:17 [INFO ] http-nio-8110-exec-7 RedisUtils.java:95 com.atguigu.srb.core.util.RedisUtils 将srb:core:lendInvest:LEND20220804205749908从3830.00修改至3840.00
2022-08-05 01:53:17 [INFO ] http-nio-8110-exec-7 LendItemServiceImpl.java:131 com.atguigu.srb.core.service.impl.LendItemServiceImpl After:redis中已投资金额增加
2022-08-05 01:53:17 [INFO ] http-nio-8210-exec-9 LendItemServiceImpl.java:75 com.atguigu.srb.core.service.impl.LendItemServiceImpl 生成投资单号:INVEST20220805015317120
2022-08-05 01:53:17 [INFO ] http-nio-8210-exec-9 LendItemServiceImpl.java:124 com.atguigu.srb.core.service.impl.LendItemServiceImpl Before:redis中已投资金额增加
2022-08-05 01:53:17 [INFO ] http-nio-8210-exec-9 RedisUtils.java:95 com.atguigu.srb.core.util.RedisUtils 将srb:core:lendInvest:LEND20220804205749908从3840.00修改至3850.00
2022-08-05 01:53:17 [INFO ] http-nio-8210-exec-9 LendItemServiceImpl.java:131 com.atguigu.srb.core.service.impl.LendItemServiceImpl After:redis中已投资金额增加
2022-08-05 01:53:17 [INFO ] http-nio-8110-exec-8 LendItemServiceImpl.java:75 com.atguigu.srb.core.service.impl.LendItemServiceImpl 生成投资单号:INVEST20220805015317853
2022-08-05 01:53:17 [INFO ] http-nio-8110-exec-8 LendItemServiceImpl.java:124 com.atguigu.srb.core.service.impl.LendItemServiceImpl Before:redis中已投资金额增加
2022-08-05 01:53:17 [INFO ] http-nio-8110-exec-8 RedisUtils.java:95 com.atguigu.srb.core.util.RedisUtils 将srb:core:lendInvest:LEND20220804205749908从3850.00修改至3860.00
2022-08-05 01:53:17 [INFO ] http-nio-8110-exec-8 LendItemServiceImpl.java:131 com.atguigu.srb.core.service.impl.LendItemServiceImpl After:redis中已投资金额增加
2022-08-05 01:53:17 [INFO ] http-nio-8210-exec-10 LendItemServiceImpl.java:75 com.atguigu.srb.core.service.impl.LendItemServiceImpl 生成投资单号:INVEST20220805015317879
2022-08-05 01:53:17 [INFO ] http-nio-8210-exec-10 LendItemServiceImpl.java:124 com.atguigu.srb.core.service.impl.LendItemServiceImpl Before:redis中已投资金额增加
2022-08-05 01:53:17 [INFO ] http-nio-8210-exec-10 RedisUtils.java:95 com.atguigu.srb.core.util.RedisUtils 将srb:core:lendInvest:LEND20220804205749908从3860.00修改至3870.00
2022-08-05 01:53:17 [INFO ] http-nio-8210-exec-10 LendItemServiceImpl.java:131 com.atguigu.srb.core.service.impl.LendItemServiceImpl After:redis中已投资金额增加
2022-08-05 01:53:17 [INFO ] http-nio-8110-exec-9 LendItemServiceImpl.java:75 com.atguigu.srb.core.service.impl.LendItemServiceImpl 生成投资单号:INVEST20220805015317032
2022-08-05 01:53:17 [INFO ] http-nio-8110-exec-9 LendItemServiceImpl.java:124 com.atguigu.srb.core.service.impl.LendItemServiceImpl Before:redis中已投资金额增加
2022-08-05 01:53:17 [INFO ] http-nio-8110-exec-9 RedisUtils.java:95 com.atguigu.srb.core.util.RedisUtils 将srb:core:lendInvest:LEND20220804205749908从3870.00修改至3880.00
2022-08-05 01:53:17 [INFO ] http-nio-8110-exec-9 LendItemServiceImpl.java:131 com.atguigu.srb.core.service.impl.LendItemServiceImpl After:redis中已投资金额增加
2022-08-05 01:53:17 [INFO ] http-nio-8210-exec-1 LendItemServiceImpl.java:75 com.atguigu.srb.core.service.impl.LendItemServiceImpl 生成投资单号:INVEST20220805015317500
2022-08-05 01:53:17 [INFO ] http-nio-8210-exec-1 LendItemServiceImpl.java:124 com.atguigu.srb.core.service.impl.LendItemServiceImpl Before:redis中已投资金额增加
2022-08-05 01:53:17 [INFO ] http-nio-8210-exec-1 RedisUtils.java:95 com.atguigu.srb.core.util.RedisUtils 将srb:core:lendInvest:LEND20220804205749908从3880.00修改至3890.00
2022-08-05 01:53:17 [INFO ] http-nio-8210-exec-1 LendItemServiceImpl.java:131 com.atguigu.srb.core.service.impl.LendItemServiceImpl After:redis中已投资金额增加
2022-08-05 01:53:17 [INFO ] http-nio-8110-exec-10 LendItemServiceImpl.java:75 com.atguigu.srb.core.service.impl.LendItemServiceImpl 生成投资单号:INVEST20220805015317096
2022-08-05 01:53:17 [INFO ] http-nio-8110-exec-10 LendItemServiceImpl.java:124 com.atguigu.srb.core.service.impl.LendItemServiceImpl Before:redis中已投资金额增加
2022-08-05 01:53:17 [INFO ] http-nio-8110-exec-10 RedisUtils.java:95 com.atguigu.srb.core.util.RedisUtils 将srb:core:lendInvest:LEND20220804205749908从3890.00修改至3900.00
2022-08-05 01:53:17 [INFO ] http-nio-8110-exec-10 LendItemServiceImpl.java:131 com.atguigu.srb.core.service.impl.LendItemServiceImpl After:redis中已投资金额增加
2022-08-05 01:53:17 [INFO ] http-nio-8210-exec-2 LendItemServiceImpl.java:75 com.atguigu.srb.core.service.impl.LendItemServiceImpl 生成投资单号:INVEST20220805015317289
2022-08-05 01:53:17 [INFO ] http-nio-8210-exec-2 LendItemServiceImpl.java:124 com.atguigu.srb.core.service.impl.LendItemServiceImpl Before:redis中已投资金额增加
2022-08-05 01:53:17 [INFO ] http-nio-8210-exec-2 RedisUtils.java:95 com.atguigu.srb.core.util.RedisUtils 将srb:core:lendInvest:LEND20220804205749908从3900.00修改至3910.00
2022-08-05 01:53:17 [INFO ] http-nio-8210-exec-2 LendItemServiceImpl.java:131 com.atguigu.srb.core.service.impl.LendItemServiceImpl After:redis中已投资金额增加
2022-08-05 01:53:17 [INFO ] http-nio-8110-exec-1 LendItemServiceImpl.java:75 com.atguigu.srb.core.service.impl.LendItemServiceImpl 生成投资单号:INVEST20220805015317941
2022-08-05 01:53:17 [INFO ] http-nio-8110-exec-1 LendItemServiceImpl.java:124 com.atguigu.srb.core.service.impl.LendItemServiceImpl Before:redis中已投资金额增加
2022-08-05 01:53:17 [INFO ] http-nio-8110-exec-1 RedisUtils.java:95 com.atguigu.srb.core.util.RedisUtils 将srb:core:lendInvest:LEND20220804205749908从3910.00修改至3920.00
2022-08-05 01:53:17 [INFO ] http-nio-8110-exec-1 LendItemServiceImpl.java:131 com.atguigu.srb.core.service.impl.LendItemServiceImpl After:redis中已投资金额增加
2022-08-05 01:53:18 [INFO ] http-nio-8210-exec-3 LendItemServiceImpl.java:75 com.atguigu.srb.core.service.impl.LendItemServiceImpl 生成投资单号:INVEST20220805015318575
2022-08-05 01:53:18 [INFO ] http-nio-8210-exec-3 LendItemServiceImpl.java:124 com.atguigu.srb.core.service.impl.LendItemServiceImpl Before:redis中已投资金额增加
2022-08-05 01:53:18 [INFO ] http-nio-8210-exec-3 RedisUtils.java:95 com.atguigu.srb.core.util.RedisUtils 将srb:core:lendInvest:LEND20220804205749908从3920.00修改至3930.00
2022-08-05 01:53:18 [INFO ] http-nio-8210-exec-3 LendItemServiceImpl.java:131 com.atguigu.srb.core.service.impl.LendItemServiceImpl After:redis中已投资金额增加
2022-08-05 01:53:18 [INFO ] http-nio-8110-exec-2 LendItemServiceImpl.java:75 com.atguigu.srb.core.service.impl.LendItemServiceImpl 生成投资单号:INVEST20220805015318195
2022-08-05 01:53:18 [INFO ] http-nio-8110-exec-2 LendItemServiceImpl.java:124 com.atguigu.srb.core.service.impl.LendItemServiceImpl Before:redis中已投资金额增加
2022-08-05 01:53:18 [INFO ] http-nio-8110-exec-2 RedisUtils.java:95 com.atguigu.srb.core.util.RedisUtils 将srb:core:lendInvest:LEND20220804205749908从3930.00修改至3940.00
2022-08-05 01:53:18 [INFO ] http-nio-8110-exec-2 LendItemServiceImpl.java:131 com.atguigu.srb.core.service.impl.LendItemServiceImpl After:redis中已投资金额增加
2022-08-05 01:53:18 [INFO ] http-nio-8210-exec-4 LendItemServiceImpl.java:75 com.atguigu.srb.core.service.impl.LendItemServiceImpl 生成投资单号:INVEST20220805015318181
2022-08-05 01:53:18 [INFO ] http-nio-8210-exec-4 LendItemServiceImpl.java:124 com.atguigu.srb.core.service.impl.LendItemServiceImpl Before:redis中已投资金额增加
2022-08-05 01:53:18 [INFO ] http-nio-8210-exec-4 RedisUtils.java:95 com.atguigu.srb.core.util.RedisUtils 将srb:core:lendInvest:LEND20220804205749908从3940.00修改至3950.00
2022-08-05 01:53:18 [INFO ] http-nio-8210-exec-4 LendItemServiceImpl.java:131 com.atguigu.srb.core.service.impl.LendItemServiceImpl After:redis中已投资金额增加
2022-08-05 01:53:18 [INFO ] http-nio-8110-exec-3 LendItemServiceImpl.java:75 com.atguigu.srb.core.service.impl.LendItemServiceImpl 生成投资单号:INVEST20220805015318414
2022-08-05 01:53:18 [INFO ] http-nio-8110-exec-3 LendItemServiceImpl.java:124 com.atguigu.srb.core.service.impl.LendItemServiceImpl Before:redis中已投资金额增加
2022-08-05 01:53:18 [INFO ] http-nio-8110-exec-3 RedisUtils.java:95 com.atguigu.srb.core.util.RedisUtils 将srb:core:lendInvest:LEND20220804205749908从3950.00修改至3960.00
2022-08-05 01:53:18 [INFO ] http-nio-8110-exec-3 LendItemServiceImpl.java:131 com.atguigu.srb.core.service.impl.LendItemServiceImpl After:redis中已投资金额增加
2022-08-05 01:53:18 [INFO ] http-nio-8210-exec-5 LendItemServiceImpl.java:75 com.atguigu.srb.core.service.impl.LendItemServiceImpl 生成投资单号:INVEST20220805015318245
2022-08-05 01:53:18 [INFO ] http-nio-8210-exec-5 LendItemServiceImpl.java:124 com.atguigu.srb.core.service.impl.LendItemServiceImpl Before:redis中已投资金额增加
2022-08-05 01:53:18 [INFO ] http-nio-8210-exec-5 RedisUtils.java:95 com.atguigu.srb.core.util.RedisUtils 将srb:core:lendInvest:LEND20220804205749908从3960.00修改至3970.00
2022-08-05 01:53:18 [INFO ] http-nio-8210-exec-5 LendItemServiceImpl.java:131 com.atguigu.srb.core.service.impl.LendItemServiceImpl After:redis中已投资金额增加
2022-08-05 01:53:18 [INFO ] http-nio-8110-exec-4 LendItemServiceImpl.java:75 com.atguigu.srb.core.service.impl.LendItemServiceImpl 生成投资单号:INVEST20220805015318367
2022-08-05 01:53:18 [INFO ] http-nio-8110-exec-4 LendItemServiceImpl.java:124 com.atguigu.srb.core.service.impl.LendItemServiceImpl Before:redis中已投资金额增加
2022-08-05 01:53:18 [INFO ] http-nio-8110-exec-4 RedisUtils.java:95 com.atguigu.srb.core.util.RedisUtils 将srb:core:lendInvest:LEND20220804205749908从3970.00修改至3980.00
2022-08-05 01:53:18 [INFO ] http-nio-8110-exec-4 LendItemServiceImpl.java:131 com.atguigu.srb.core.service.impl.LendItemServiceImpl After:redis中已投资金额增加
2022-08-05 01:53:18 [INFO ] http-nio-8210-exec-6 LendItemServiceImpl.java:75 com.atguigu.srb.core.service.impl.LendItemServiceImpl 生成投资单号:INVEST20220805015318557
2022-08-05 01:53:18 [INFO ] http-nio-8210-exec-6 LendItemServiceImpl.java:124 com.atguigu.srb.core.service.impl.LendItemServiceImpl Before:redis中已投资金额增加
2022-08-05 01:53:18 [INFO ] http-nio-8210-exec-6 RedisUtils.java:95 com.atguigu.srb.core.util.RedisUtils 将srb:core:lendInvest:LEND20220804205749908从3980.00修改至3990.00
2022-08-05 01:53:18 [INFO ] http-nio-8210-exec-6 LendItemServiceImpl.java:131 com.atguigu.srb.core.service.impl.LendItemServiceImpl After:redis中已投资金额增加
2022-08-05 01:53:18 [INFO ] http-nio-8110-exec-5 LendItemServiceImpl.java:75 com.atguigu.srb.core.service.impl.LendItemServiceImpl 生成投资单号:INVEST20220805015318648
2022-08-05 01:53:18 [INFO ] http-nio-8110-exec-5 LendItemServiceImpl.java:124 com.atguigu.srb.core.service.impl.LendItemServiceImpl Before:redis中已投资金额增加
2022-08-05 01:53:18 [INFO ] http-nio-8110-exec-5 RedisUtils.java:95 com.atguigu.srb.core.util.RedisUtils 将srb:core:lendInvest:LEND20220804205749908从3990.00修改至4000.00
2022-08-05 01:53:18 [INFO ] http-nio-8110-exec-5 LendItemServiceImpl.java:131 com.atguigu.srb.core.service.impl.LendItemServiceImpl After:redis中已投资金额增加
2022-08-05 01:53:18 [INFO ] http-nio-8210-exec-7 LendItemServiceImpl.java:75 com.atguigu.srb.core.service.impl.LendItemServiceImpl 生成投资单号:INVEST20220805015318347
2022-08-05 01:53:18 [INFO ] http-nio-8210-exec-7 LendItemServiceImpl.java:124 com.atguigu.srb.core.service.impl.LendItemServiceImpl Before:redis中已投资金额增加
2022-08-05 01:53:18 [INFO ] http-nio-8210-exec-7 RedisUtils.java:95 com.atguigu.srb.core.util.RedisUtils 将srb:core:lendInvest:LEND20220804205749908从4000.00修改至4010.00
2022-08-05 01:53:18 [INFO ] http-nio-8210-exec-7 LendItemServiceImpl.java:131 com.atguigu.srb.core.service.impl.LendItemServiceImpl After:redis中已投资金额增加
2022-08-05 01:53:18 [INFO ] http-nio-8110-exec-6 LendItemServiceImpl.java:75 com.atguigu.srb.core.service.impl.LendItemServiceImpl 生成投资单号:INVEST20220805015318995
2022-08-05 01:53:18 [INFO ] http-nio-8110-exec-6 LendItemServiceImpl.java:124 com.atguigu.srb.core.service.impl.LendItemServiceImpl Before:redis中已投资金额增加
2022-08-05 01:53:18 [INFO ] http-nio-8110-exec-6 RedisUtils.java:95 com.atguigu.srb.core.util.RedisUtils 将srb:core:lendInvest:LEND20220804205749908从4010.00修改至4020.00
2022-08-05 01:53:18 [INFO ] http-nio-8110-exec-6 LendItemServiceImpl.java:131 com.atguigu.srb.core.service.impl.LendItemServiceImpl After:redis中已投资金额增加
2022-08-05 01:53:18 [INFO ] http-nio-8210-exec-8 LendItemServiceImpl.java:75 com.atguigu.srb.core.service.impl.LendItemServiceImpl 生成投资单号:INVEST20220805015318581
2022-08-05 01:53:18 [INFO ] http-nio-8210-exec-8 LendItemServiceImpl.java:124 com.atguigu.srb.core.service.impl.LendItemServiceImpl Before:redis中已投资金额增加
2022-08-05 01:53:18 [INFO ] http-nio-8210-exec-8 RedisUtils.java:95 com.atguigu.srb.core.util.RedisUtils 将srb:core:lendInvest:LEND20220804205749908从4020.00修改至4030.00
2022-08-05 01:53:18 [INFO ] http-nio-8210-exec-8 LendItemServiceImpl.java:131 com.atguigu.srb.core.service.impl.LendItemServiceImpl After:redis中已投资金额增加
2022-08-05 01:53:18 [INFO ] http-nio-8110-exec-7 LendItemServiceImpl.java:75 com.atguigu.srb.core.service.impl.LendItemServiceImpl 生成投资单号:INVEST20220805015318478
2022-08-05 01:53:18 [INFO ] http-nio-8110-exec-7 LendItemServiceImpl.java:124 com.atguigu.srb.core.service.impl.LendItemServiceImpl Before:redis中已投资金额增加
2022-08-05 01:53:18 [INFO ] http-nio-8110-exec-7 RedisUtils.java:95 com.atguigu.srb.core.util.RedisUtils 将srb:core:lendInvest:LEND20220804205749908从4030.00修改至4040.00
2022-08-05 01:53:18 [INFO ] http-nio-8110-exec-7 LendItemServiceImpl.java:131 com.atguigu.srb.core.service.impl.LendItemServiceImpl After:redis中已投资金额增加
2022-08-05 01:53:18 [INFO ] http-nio-8210-exec-9 LendItemServiceImpl.java:75 com.atguigu.srb.core.service.impl.LendItemServiceImpl 生成投资单号:INVEST20220805015318027
2022-08-05 01:53:18 [INFO ] http-nio-8210-exec-9 LendItemServiceImpl.java:124 com.atguigu.srb.core.service.impl.LendItemServiceImpl Before:redis中已投资金额增加
2022-08-05 01:53:18 [INFO ] http-nio-8210-exec-9 RedisUtils.java:95 com.atguigu.srb.core.util.RedisUtils 将srb:core:lendInvest:LEND20220804205749908从4040.00修改至4050.00
2022-08-05 01:53:18 [INFO ] http-nio-8210-exec-9 LendItemServiceImpl.java:131 com.atguigu.srb.core.service.impl.LendItemServiceImpl After:redis中已投资金额增加
2022-08-05 01:53:18 [INFO ] http-nio-8110-exec-8 LendItemServiceImpl.java:75 com.atguigu.srb.core.service.impl.LendItemServiceImpl 生成投资单号:INVEST20220805015318944
2022-08-05 01:53:18 [INFO ] http-nio-8110-exec-8 LendItemServiceImpl.java:124 com.atguigu.srb.core.service.impl.LendItemServiceImpl Before:redis中已投资金额增加
2022-08-05 01:53:18 [INFO ] http-nio-8110-exec-8 RedisUtils.java:95 com.atguigu.srb.core.util.RedisUtils 将srb:core:lendInvest:LEND20220804205749908从4050.00修改至4060.00
2022-08-05 01:53:18 [INFO ] http-nio-8110-exec-8 LendItemServiceImpl.java:131 com.atguigu.srb.core.service.impl.LendItemServiceImpl After:redis中已投资金额增加
2022-08-05 01:53:18 [INFO ] http-nio-8210-exec-10 LendItemServiceImpl.java:75 com.atguigu.srb.core.service.impl.LendItemServiceImpl 生成投资单号:INVEST20220805015318137
2022-08-05 01:53:18 [INFO ] http-nio-8210-exec-10 LendItemServiceImpl.java:124 com.atguigu.srb.core.service.impl.LendItemServiceImpl Before:redis中已投资金额增加
2022-08-05 01:53:18 [INFO ] http-nio-8210-exec-10 RedisUtils.java:95 com.atguigu.srb.core.util.RedisUtils 将srb:core:lendInvest:LEND20220804205749908从4060.00修改至4070.00
2022-08-05 01:53:18 [INFO ] http-nio-8210-exec-10 LendItemServiceImpl.java:131 com.atguigu.srb.core.service.impl.LendItemServiceImpl After:redis中已投资金额增加
2022-08-05 01:53:18 [INFO ] http-nio-8110-exec-9 LendItemServiceImpl.java:75 com.atguigu.srb.core.service.impl.LendItemServiceImpl 生成投资单号:INVEST20220805015318394
2022-08-05 01:53:18 [INFO ] http-nio-8110-exec-9 LendItemServiceImpl.java:124 com.atguigu.srb.core.service.impl.LendItemServiceImpl Before:redis中已投资金额增加
2022-08-05 01:53:18 [INFO ] http-nio-8110-exec-9 RedisUtils.java:95 com.atguigu.srb.core.util.RedisUtils 将srb:core:lendInvest:LEND20220804205749908从4070.00修改至4080.00
2022-08-05 01:53:18 [INFO ] http-nio-8110-exec-9 LendItemServiceImpl.java:131 com.atguigu.srb.core.service.impl.LendItemServiceImpl After:redis中已投资金额增加
2022-08-05 01:53:18 [INFO ] http-nio-8210-exec-1 LendItemServiceImpl.java:75 com.atguigu.srb.core.service.impl.LendItemServiceImpl 生成投资单号:INVEST20220805015318624
2022-08-05 01:53:18 [INFO ] http-nio-8210-exec-1 LendItemServiceImpl.java:124 com.atguigu.srb.core.service.impl.LendItemServiceImpl Before:redis中已投资金额增加
2022-08-05 01:53:18 [INFO ] http-nio-8210-exec-1 RedisUtils.java:95 com.atguigu.srb.core.util.RedisUtils 将srb:core:lendInvest:LEND20220804205749908从4080.00修改至4090.00
2022-08-05 01:53:18 [INFO ] http-nio-8210-exec-1 LendItemServiceImpl.java:131 com.atguigu.srb.core.service.impl.LendItemServiceImpl After:redis中已投资金额增加
2022-08-05 01:53:18 [INFO ] http-nio-8110-exec-10 LendItemServiceImpl.java:75 com.atguigu.srb.core.service.impl.LendItemServiceImpl 生成投资单号:INVEST20220805015318540
2022-08-05 01:53:18 [INFO ] http-nio-8110-exec-10 LendItemServiceImpl.java:124 com.atguigu.srb.core.service.impl.LendItemServiceImpl Before:redis中已投资金额增加
2022-08-05 01:53:18 [INFO ] http-nio-8110-exec-10 RedisUtils.java:95 com.atguigu.srb.core.util.RedisUtils 将srb:core:lendInvest:LEND20220804205749908从4090.00修改至4100.00
2022-08-05 01:53:18 [INFO ] http-nio-8110-exec-10 LendItemServiceImpl.java:131 com.atguigu.srb.core.service.impl.LendItemServiceImpl After:redis中已投资金额增加
2022-08-05 01:53:18 [INFO ] http-nio-8210-exec-2 LendItemServiceImpl.java:75 com.atguigu.srb.core.service.impl.LendItemServiceImpl 生成投资单号:INVEST20220805015318855
2022-08-05 01:53:18 [INFO ] http-nio-8210-exec-2 LendItemServiceImpl.java:124 com.atguigu.srb.core.service.impl.LendItemServiceImpl Before:redis中已投资金额增加
2022-08-05 01:53:18 [INFO ] http-nio-8210-exec-2 RedisUtils.java:95 com.atguigu.srb.core.util.RedisUtils 将srb:core:lendInvest:LEND20220804205749908从4100.00修改至4110.00
2022-08-05 01:53:18 [INFO ] http-nio-8210-exec-2 LendItemServiceImpl.java:131 com.atguigu.srb.core.service.impl.LendItemServiceImpl After:redis中已投资金额增加
2022-08-05 01:53:19 [INFO ] http-nio-8110-exec-1 LendItemServiceImpl.java:75 com.atguigu.srb.core.service.impl.LendItemServiceImpl 生成投资单号:INVEST20220805015319962
2022-08-05 01:53:19 [INFO ] http-nio-8110-exec-1 LendItemServiceImpl.java:124 com.atguigu.srb.core.service.impl.LendItemServiceImpl Before:redis中已投资金额增加
2022-08-05 01:53:19 [INFO ] http-nio-8110-exec-1 RedisUtils.java:95 com.atguigu.srb.core.util.RedisUtils 将srb:core:lendInvest:LEND20220804205749908从4110.00修改至4120.00
2022-08-05 01:53:19 [INFO ] http-nio-8110-exec-1 LendItemServiceImpl.java:131 com.atguigu.srb.core.service.impl.LendItemServiceImpl After:redis中已投资金额增加
2022-08-05 01:53:19 [INFO ] http-nio-8210-exec-3 LendItemServiceImpl.java:75 com.atguigu.srb.core.service.impl.LendItemServiceImpl 生成投资单号:INVEST20220805015319822
2022-08-05 01:53:19 [INFO ] http-nio-8210-exec-3 LendItemServiceImpl.java:124 com.atguigu.srb.core.service.impl.LendItemServiceImpl Before:redis中已投资金额增加
2022-08-05 01:53:19 [INFO ] http-nio-8210-exec-3 RedisUtils.java:95 com.atguigu.srb.core.util.RedisUtils 将srb:core:lendInvest:LEND20220804205749908从4120.00修改至4130.00
2022-08-05 01:53:19 [INFO ] http-nio-8210-exec-3 LendItemServiceImpl.java:131 com.atguigu.srb.core.service.impl.LendItemServiceImpl After:redis中已投资金额增加
